[22-May-2024 13:44:54 UTC] cron.INFO: Started executing cron jobs  
[22-May-2024 13:44:55 UTC] cron.INFO: Pruned the filesystem cache  
[22-May-2024 13:44:55 UTC] cron.INFO: Executed action to try cover unpaid invoices with client credits  
[22-May-2024 13:44:55 UTC] cron.INFO: Executed action to activate paid invoices  
[22-May-2024 13:44:55 UTC] cron.INFO: Cleared 0 outdated sessions from the database  
[22-May-2024 13:44:55 UTC] cron.INFO: Finished executing cron jobs  
[22-May-2024 13:45:31 UTC] cron.INFO: Started executing cron jobs  
[22-May-2024 13:45:31 UTC] cron.INFO: Pruned the filesystem cache  
[22-May-2024 13:45:31 UTC] cron.INFO: Executed action to try cover unpaid invoices with client credits  
[22-May-2024 13:45:31 UTC] cron.INFO: Executed action to activate paid invoices  
[22-May-2024 13:45:31 UTC] cron.INFO: Cleared 0 outdated sessions from the database  
[22-May-2024 13:45:32 UTC] cron.INFO: Finished executing cron jobs  
[22-May-2024 14:20:18 UTC] cron.INFO: Started executing cron jobs  
[22-May-2024 14:20:18 UTC] cron.INFO: Pruned the filesystem cache  
[22-May-2024 14:20:18 UTC] cron.INFO: Executed action to try cover unpaid invoices with client credits  
[22-May-2024 14:20:18 UTC] cron.INFO: Executed action to activate paid invoices  
[22-May-2024 14:20:18 UTC] cron.INFO: Cleared 0 outdated sessions from the database  
[22-May-2024 14:20:18 UTC] cron.INFO: Finished executing cron jobs  
[22-May-2024 14:20:39 UTC] cron.INFO: Started executing cron jobs  
[22-May-2024 14:20:40 UTC] cron.INFO: Pruned the filesystem cache  
[22-May-2024 14:20:40 UTC] cron.INFO: Executed action to try cover unpaid invoices with client credits  
[22-May-2024 14:20:40 UTC] cron.INFO: Executed action to activate paid invoices  
[22-May-2024 14:20:40 UTC] cron.INFO: Cleared 0 outdated sessions from the database  
[22-May-2024 14:20:40 UTC] cron.INFO: Finished executing cron jobs  
