[05-Jun-2024 08:45:24 UTC] application.INFO: Updated product #2 configuration [2] 
[05-Jun-2024 08:46:38 UTC] application.INFO: Updated product #2 configuration [2] 
[05-Jun-2024 09:04:47 UTC] application.INFO: Added new hosting plan 2 [2] 
[05-Jun-2024 09:05:03 UTC] application.INFO: Updated hosting plan 2 [2] 
[05-Jun-2024 09:05:31 UTC] application.INFO: Updated hosting plan 1 [1] 
[05-Jun-2024 09:27:46 UTC] application.INFO: Updated payment gateway PayPalEmail ["PayPalEmail"] 
[05-Jun-2024 09:34:16 UTC] application.INFO: Updated domain registrar Custom configuration ["Custom"] 
[05-Jun-2024 09:34:34 UTC] application.INFO: Updated domain registrar Custom configuration ["Custom"] 
[05-Jun-2024 10:47:13 UTC] application.INFO: Added new hosting server 1 [1] 
[05-Jun-2024 10:51:35 UTC] application.INFO: Update hosting server 1 [1] 
[05-Jun-2024 11:01:58 UTC] application.INFO: Update hosting server 1 [1] 
[05-Jun-2024 11:02:26 UTC] application.INFO: Update hosting server 1 [1] 
[05-Jun-2024 11:03:05 UTC] application.INFO: Update hosting server 1 [1] 
[05-Jun-2024 11:04:21 UTC] application.INFO: Update hosting server 1 [1] 
[05-Jun-2024 11:05:27 UTC] application.INFO: Update hosting server 1 [1] 
[05-Jun-2024 11:14:36 UTC] application.INFO: Update hosting server 1 [1] 
[05-Jun-2024 11:17:36 UTC] application.INFO: Update hosting server 1 [1] 
[05-Jun-2024 11:26:04 UTC] application.INFO: Update hosting server 1 [1] 
[05-Jun-2024 11:28:36 UTC] application.INFO: Update hosting server 1 [1] 
[05-Jun-2024 11:29:40 UTC] application.INFO: Update hosting server 1 [1] 
[05-Jun-2024 11:30:08 UTC] application.INFO: Update hosting server 1 [1] 
[05-Jun-2024 11:32:43 UTC] application.INFO: Update hosting server 1 [1] 
[05-Jun-2024 11:35:49 UTC] application.INFO: Update hosting server 1 [1] 
[05-Jun-2024 11:43:42 UTC] application.INFO: Updated product category #2 [2] 
[05-Jun-2024 11:44:46 UTC] application.INFO: Updated product #2 configuration [2] 
[05-Jun-2024 11:45:22 UTC] application.INFO: Changed shopping cart #5 currency to Euro [5,"Euro"] 
[05-Jun-2024 11:48:09 UTC] application.INFO: Updated product #2 configuration [2] 
[05-Jun-2024 11:49:34 UTC] application.INFO: Changed shopping cart #5 currency to US Dollar [5,"US Dollar"] 
[05-Jun-2024 11:49:48 UTC] application.INFO: Changed shopping cart #5 currency to Euro [5,"Euro"] 
[05-Jun-2024 11:51:37 UTC] application.INFO: Updated product #2 configuration [2] 
[05-Jun-2024 11:54:53 UTC] application.INFO: Updated product category #2 [2] 
[05-Jun-2024 11:56:07 UTC] application.INFO: Created new product #3 ["3"] 
[05-Jun-2024 11:56:46 UTC] application.INFO: Updated product #3 configuration [3] 
[05-Jun-2024 11:58:03 UTC] application.INFO: Updated product #3 configuration [3] 
[05-Jun-2024 11:59:41 UTC] application.INFO: Created new product #4 ["4"] 
[05-Jun-2024 11:59:59 UTC] application.INFO: Updated product #4 configuration [4] 
[05-Jun-2024 12:00:24 UTC] application.INFO: Updated product #4 configuration [4] 
[05-Jun-2024 12:03:14 UTC] application.INFO: Updated product category #1 [1] 
[05-Jun-2024 12:08:24 UTC] application.INFO: Updated product #3 configuration [3] 
[05-Jun-2024 12:09:15 UTC] application.INFO: Updated product #4 configuration [4] 
[05-Jun-2024 12:10:02 UTC] application.INFO: Updated product #2 configuration [2] 
[05-Jun-2024 12:11:20 UTC] application.INFO: Updated product #2 configuration [2] 
[05-Jun-2024 12:11:32 UTC] application.INFO: Changed shopping cart #5 currency to US Dollar [5,"US Dollar"] 
[05-Jun-2024 12:11:57 UTC] application.INFO: Updated product #3 configuration [3] 
[05-Jun-2024 12:12:14 UTC] application.INFO: Updated product #4 configuration [4] 
[05-Jun-2024 12:14:12 UTC] application.INFO: Changed shopping cart #5 currency to Euro [5,"Euro"] 
[05-Jun-2024 12:53:15 UTC] application.INFO: Changed shopping cart #5 currency to US Dollar [5,"US Dollar"] 
[05-Jun-2024 13:06:44 UTC] application.INFO: Updated product #4 configuration [4] 
[05-Jun-2024 13:07:12 UTC] application.INFO: Updated product #4 configuration [4] 
[05-Jun-2024 13:07:34 UTC] application.INFO: Updated product #4 configuration [4] 
[05-Jun-2024 16:08:22 UTC] application.INFO: Removed product from shopping cart  
[05-Jun-2024 16:09:49 UTC] application.INFO: Updated product #4 configuration [4] 
[05-Jun-2024 16:10:57 UTC] application.INFO: Updated product #4 configuration [4] 
[05-Jun-2024 16:11:19 UTC] application.INFO: Removed product from shopping cart  
[05-Jun-2024 16:11:46 UTC] application.INFO: Updated product #4 configuration [4] 
[05-Jun-2024 16:12:39 UTC] application.INFO: Updated product #4 configuration [4] 
[05-Jun-2024 16:13:15 UTC] application.INFO: Updated product #4 configuration [4] 
[05-Jun-2024 16:23:57 UTC] application.INFO: Removed product from shopping cart  
[05-Jun-2024 16:46:49 UTC] application.INFO: Updated product #3 configuration [3] 
[05-Jun-2024 16:47:16 UTC] application.INFO: Updated product #2 configuration [2] 
[05-Jun-2024 17:24:18 UTC] application.INFO: Updated payment gateway PayPalEmail ["PayPalEmail"] 
[05-Jun-2024 17:28:46 UTC] application.INFO: Updated payment gateway PayPalEmail ["PayPalEmail"] 
[05-Jun-2024 18:12:53 UTC] application.INFO: Updated payment gateway PayPalEmail ["PayPalEmail"] 
[05-Jun-2024 19:04:10 UTC] application.INFO: Updated currency EUR ["EUR"] 
[05-Jun-2024 19:13:16 UTC] application.INFO: Updated payment gateway Custom ["Custom"] 
[05-Jun-2024 19:40:41 UTC] application.INFO: Changed shopping cart #15 currency to Euro [15,"Euro"] 
[05-Jun-2024 19:41:21 UTC] application.INFO: Changed shopping cart #15 currency to US Dollar [15,"US Dollar"] 
