[22-May-2024 13:44:48 UTC] event.INFO: Staff member 1 logged in  
[22-May-2024 13:44:55 UTC] event.INFO: Updated currency rates  
[22-May-2024 13:44:55 UTC] event.INFO: Executed action to synchronize domain expiration dates with registrar  
[22-May-2024 13:44:55 UTC] event.INFO: Executed action to send invoice payment reminders  
[22-May-2024 13:44:55 UTC] event.INFO: Executed action to invoke invoice due event  
[22-May-2024 13:44:55 UTC] event.INFO: Executed action to suspend expired orders  
[22-May-2024 13:44:55 UTC] event.INFO: Executed action to delete expired clients password reminders  
[22-May-2024 13:44:55 UTC] event.INFO: Executed action to clear expired shopping carts from database  
[22-May-2024 13:45:31 UTC] event.INFO: Updated currency rates  
[22-May-2024 13:45:31 UTC] event.INFO: Executed action to send invoice payment reminders  
[22-May-2024 13:45:31 UTC] event.INFO: Executed action to suspend expired orders  
[22-May-2024 13:45:31 UTC] event.INFO: Executed action to delete expired clients password reminders  
[22-May-2024 13:45:31 UTC] event.INFO: Executed action to clear expired shopping carts from database  
[22-May-2024 14:20:18 UTC] event.INFO: Updated currency rates  
[22-May-2024 14:20:18 UTC] event.INFO: Executed action to send invoice payment reminders  
[22-May-2024 14:20:18 UTC] event.INFO: Executed action to suspend expired orders  
[22-May-2024 14:20:18 UTC] event.INFO: Executed action to delete expired clients password reminders  
[22-May-2024 14:20:18 UTC] event.INFO: Executed action to clear expired shopping carts from database  
[22-May-2024 14:20:40 UTC] event.INFO: Updated currency rates  
[22-May-2024 14:20:40 UTC] event.INFO: Executed action to send invoice payment reminders  
[22-May-2024 14:20:40 UTC] event.INFO: Executed action to suspend expired orders  
[22-May-2024 14:20:40 UTC] event.INFO: Executed action to delete expired clients password reminders  
[22-May-2024 14:20:40 UTC] event.INFO: Executed action to clear expired shopping carts from database  
[22-May-2024 14:26:43 UTC] event.INFO: Updated system general settings  
[22-May-2024 14:31:58 UTC] event.INFO: Updated system general settings  
[22-May-2024 14:39:38 UTC] event.INFO: Updated system general settings  
[22-May-2024 14:39:55 UTC] event.INFO: Updated system general settings  
[22-May-2024 14:40:13 UTC] event.INFO: Updated system general settings  
[22-May-2024 14:40:43 UTC] event.INFO: Updated system general settings  
[22-May-2024 14:44:33 UTC] event.INFO: Updated system general settings  
[22-May-2024 14:44:47 UTC] event.INFO: Updated system general settings  
[22-May-2024 14:48:46 UTC] event.INFO: Updated system general settings  
[22-May-2024 14:49:04 UTC] event.INFO: Updated system general settings  
[22-May-2024 14:49:23 UTC] event.INFO: Updated system general settings  
[22-May-2024 18:34:44 UTC] event.INFO: Added "Domains registration and transfer" to shopping cart ["Domains registration and transfer"] 
