[07-Jun-2024 02:27:27 UTC] event.DEBUG: onBeforeAdminLogin [{"email":"administration@mowondoo.com","ip":"::1"}] 
[07-Jun-2024 02:27:27 UTC] event.DEBUG: onAfterAdminLogin [{"id":1,"ip":"::1"}] 
[07-Jun-2024 02:27:27 UTC] event.INFO: Staff member 1 logged in  
[07-Jun-2024 02:30:16 UTC] event.DEBUG: onBeforeAdminClientUpdate [{"status":"active","type":"individual","email_approved":"1","group_id":"1","email":"ameyspero@gmail.com","first_name":"Spero","last_name":"WAKPARE AMEY","birthday":"1991-05-06","company":"","company_number":"","company_vat":"","address_1":"ste rita","address_2":"Cotonou-Benin","country":"","state":"Atlantique","city":"cotonou","postcode":"06bj25","phone_cc":"+22961725134","phone":"","document_nr":"","aid":"","currency":"USD","tax_exempt":"0","created_at":"2024-05-23","notes":"","id":"1"}] 
[07-Jun-2024 02:30:53 UTC] event.DEBUG: onBeforeAdminClientUpdate [{"status":"active","type":"individual","email_approved":"1","group_id":"1","email":"ameyspero@gmail.com","first_name":"Spero","last_name":"WAKPARE AMEY","birthday":"1991-05-06","company":"","company_number":"","company_vat":"","address_1":"ste rita","address_2":"Cotonou-Benin","country":"","state":"Atlantique","city":"cotonou","postcode":"06bj25","phone_cc":"+22961725134","phone":"","document_nr":"","aid":"","currency":"USD","tax_exempt":"0","created_at":"2024-05-23","notes":"","id":"1"}] 
[07-Jun-2024 02:31:56 UTC] event.DEBUG: onBeforeAdminClientUpdate [{"status":"active","type":"individual","email_approved":"1","group_id":"1","email":"ameyspero@gmail.com","first_name":"Spero","last_name":"WAKPARE AMEY","birthday":"1991-05-06","company":"","company_number":"","company_vat":"","address_1":"ste rita","address_2":"Cotonou-Benin","country":"","state":"Atlantique","city":"cotonou","postcode":"06bj25","phone_cc":"+229","phone":"61725134","document_nr":"","aid":"","currency":"USD","tax_exempt":"0","created_at":"2024-05-23","notes":"","id":"1"}] 
[07-Jun-2024 02:31:56 UTC] event.DEBUG: onAfterAdminClientUpdate [{"id":1}] 
[07-Jun-2024 02:31:56 UTC] event.INFO: Updated client #1 profile [1] 
[07-Jun-2024 02:31:59 UTC] event.DEBUG: onBeforeAdminClientUpdate [{"status":"active","type":"individual","email_approved":"1","group_id":"1","email":"ameyspero@gmail.com","first_name":"Spero","last_name":"WAKPARE AMEY","birthday":"1991-05-06","company":"","company_number":"","company_vat":"","address_1":"ste rita","address_2":"Cotonou-Benin","country":"","state":"Atlantique","city":"cotonou","postcode":"06bj25","phone_cc":"+229","phone":"61725134","document_nr":"","aid":"","currency":"USD","tax_exempt":"0","created_at":"2024-05-23","notes":"","id":"1"}] 
[07-Jun-2024 02:31:59 UTC] event.DEBUG: onAfterAdminClientUpdate [{"id":1}] 
[07-Jun-2024 02:31:59 UTC] event.INFO: Updated client #1 profile [1] 
[07-Jun-2024 02:36:50 UTC] event.DEBUG: onBeforeAdminOrderActivate [{"id":8}] 
[07-Jun-2024 02:36:50 UTC] event.INFO: Creating account chiscom6  
[07-Jun-2024 02:37:47 UTC] event.DEBUG: onBeforeAdminOrderActivate [{"id":8}] 
[07-Jun-2024 02:37:47 UTC] event.INFO: Creating account chiscom8  
[07-Jun-2024 02:43:08 UTC] event.DEBUG: onBeforeAdminOrderActivate [{"id":8}] 
[07-Jun-2024 02:43:08 UTC] event.INFO: Creating account chiscom5  
[07-Jun-2024 02:43:48 UTC] event.DEBUG: onBeforeAdminOrderActivate [{"id":8}] 
[07-Jun-2024 02:43:48 UTC] event.INFO: Creating account chiscom8  
[07-Jun-2024 02:44:30 UTC] event.DEBUG: onBeforeAdminOrderActivate [{"id":8}] 
[07-Jun-2024 02:44:30 UTC] event.INFO: Creating account chiscom1  
[07-Jun-2024 02:49:56 UTC] event.DEBUG: onBeforeAdminOrderActivate [{"id":8}] 
[07-Jun-2024 02:49:56 UTC] event.INFO: Creating account chiscom6  
[07-Jun-2024 02:50:14 UTC] event.DEBUG: onBeforeAdminOrderActivate [{"id":8}] 
[07-Jun-2024 02:50:14 UTC] event.INFO: Creating account chiscom4  
[07-Jun-2024 03:05:09 UTC] event.DEBUG: onBeforeAdminOrderActivate [{"id":8}] 
[07-Jun-2024 03:05:09 UTC] event.INFO: Creating account chiscom5  
[07-Jun-2024 03:08:09 UTC] event.DEBUG: onBeforeAdminOrderActivate [{"id":8}] 
[07-Jun-2024 03:08:28 UTC] event.DEBUG: onBeforeAdminOrderActivate [{"id":8}] 
[07-Jun-2024 03:08:28 UTC] event.INFO: Creating account chiscom5  
[07-Jun-2024 03:09:16 UTC] event.DEBUG: onBeforeAdminOrderActivate [{"id":8}] 
[07-Jun-2024 03:09:52 UTC] event.DEBUG: onBeforeAdminOrderActivate [{"id":8}] 
[07-Jun-2024 03:11:12 UTC] event.DEBUG: onBeforeAdminOrderActivate [{"id":8}] 
[07-Jun-2024 03:11:12 UTC] event.INFO: Creating account chiscom6  
[07-Jun-2024 03:11:39 UTC] event.DEBUG: onBeforeAdminOrderActivate [{"id":8}] 
[07-Jun-2024 03:12:21 UTC] event.DEBUG: onBeforeAdminOrderActivate [{"id":8}] 
[07-Jun-2024 03:12:21 UTC] event.INFO: Creating account chiscom6  
[07-Jun-2024 03:13:31 UTC] event.DEBUG: onBeforeAdminOrderActivate [{"id":8}] 
[07-Jun-2024 03:14:41 UTC] event.DEBUG: onBeforeAdminOrderActivate [{"id":8}] 
[07-Jun-2024 03:15:40 UTC] event.DEBUG: onBeforeAdminOrderActivate [{"id":8}] 
[07-Jun-2024 03:17:17 UTC] event.DEBUG: onBeforeAdminOrderActivate [{"id":8}] 
[07-Jun-2024 03:17:17 UTC] event.INFO: Creating account chiscom5  
[07-Jun-2024 03:17:47 UTC] event.DEBUG: onBeforeAdminOrderActivate [{"id":8}] 
[07-Jun-2024 03:19:02 UTC] event.DEBUG: onBeforeAdminOrderActivate [{"id":8}] 
[07-Jun-2024 03:27:09 UTC] event.DEBUG: onBeforeAdminOrderActivate [{"id":8}] 
[07-Jun-2024 03:27:09 UTC] event.INFO: Creating account chiscom3  
[07-Jun-2024 03:29:29 UTC] event.DEBUG: onBeforeAdminOrderActivate [{"id":8}] 
[07-Jun-2024 03:30:33 UTC] event.DEBUG: onBeforeAdminOrderActivate [{"id":8}] 
[07-Jun-2024 03:32:38 UTC] event.DEBUG: onBeforeAdminOrderActivate [{"id":8}] 
[07-Jun-2024 03:34:28 UTC] event.DEBUG: onBeforeAdminOrderActivate [{"id":8}] 
[07-Jun-2024 03:34:58 UTC] event.DEBUG: onBeforeAdminOrderActivate [{"id":8}] 
[07-Jun-2024 03:36:57 UTC] event.DEBUG: onBeforeAdminOrderActivate [{"id":8}] 
[07-Jun-2024 03:37:34 UTC] event.DEBUG: onBeforeAdminOrderActivate [{"id":8}] 
[07-Jun-2024 03:38:16 UTC] event.DEBUG: onBeforeAdminOrderActivate [{"id":8}] 
[07-Jun-2024 03:40:11 UTC] event.DEBUG: onBeforeAdminOrderActivate [{"id":8}] 
[07-Jun-2024 03:40:56 UTC] event.DEBUG: onBeforeAdminOrderActivate [{"id":8}] 
[07-Jun-2024 03:41:53 UTC] event.DEBUG: onBeforeAdminOrderActivate [{"id":8}] 
[07-Jun-2024 03:43:16 UTC] event.DEBUG: onBeforeAdminOrderActivate [{"id":8}] 
[07-Jun-2024 03:44:53 UTC] event.DEBUG: onBeforeAdminOrderActivate [{"id":8}] 
[07-Jun-2024 03:45:22 UTC] event.DEBUG: onBeforeAdminOrderActivate [{"id":8}] 
[07-Jun-2024 03:46:56 UTC] event.DEBUG: onBeforeAdminOrderActivate [{"id":8}] 
[07-Jun-2024 04:19:27 UTC] event.DEBUG: onBeforeAdminOrderActivate [{"id":8}] 
[07-Jun-2024 04:20:52 UTC] event.DEBUG: onBeforeAdminOrderActivate [{"id":8}] 
[07-Jun-2024 04:20:52 UTC] event.INFO: Creating account chiscom2  
[07-Jun-2024 04:25:17 UTC] event.DEBUG: onBeforeAdminOrderActivate [{"id":8}] 
[07-Jun-2024 04:25:17 UTC] event.INFO: Creating account chiscom7  
[07-Jun-2024 04:26:50 UTC] event.DEBUG: onBeforeAdminOrderActivate [{"id":8}] 
[07-Jun-2024 04:26:50 UTC] event.INFO: Creating account chiscom7  
[07-Jun-2024 04:27:48 UTC] event.DEBUG: onBeforeAdminLogin [{"email":"administration@mowondoo.com","ip":"::1"}] 
[07-Jun-2024 04:27:49 UTC] event.DEBUG: onAfterAdminLogin [{"id":1,"ip":"::1"}] 
[07-Jun-2024 04:27:49 UTC] event.INFO: Staff member 1 logged in  
[07-Jun-2024 04:27:54 UTC] event.DEBUG: onBeforeAdminOrderActivate [{"id":8}] 
[07-Jun-2024 04:27:54 UTC] event.INFO: Creating account chiscom0  
[07-Jun-2024 04:28:38 UTC] event.DEBUG: onBeforeAdminOrderActivate [{"id":8}] 
[07-Jun-2024 04:28:38 UTC] event.INFO: Creating account chiscom2  
[07-Jun-2024 04:29:23 UTC] event.DEBUG: onBeforeAdminOrderActivate [{"id":8}] 
[07-Jun-2024 04:29:23 UTC] event.INFO: Creating account chiscom9  
[07-Jun-2024 04:30:06 UTC] event.DEBUG: onBeforeAdminOrderActivate [{"id":8}] 
[07-Jun-2024 04:30:06 UTC] event.INFO: Creating account chiscom1  
[07-Jun-2024 04:30:44 UTC] event.DEBUG: onBeforeAdminOrderActivate [{"id":8}] 
[07-Jun-2024 04:30:44 UTC] event.INFO: Creating account chiscom6  
[07-Jun-2024 04:31:18 UTC] event.DEBUG: onBeforeAdminOrderActivate [{"id":8}] 
[07-Jun-2024 04:31:18 UTC] event.INFO: Creating account chiscom3  
[07-Jun-2024 04:31:38 UTC] event.DEBUG: onBeforeAdminOrderActivate [{"id":8}] 
[07-Jun-2024 04:31:38 UTC] event.INFO: Creating account chiscom0  
[07-Jun-2024 04:32:04 UTC] event.DEBUG: onBeforeAdminOrderActivate [{"id":8}] 
[07-Jun-2024 04:32:04 UTC] event.INFO: Creating account chiscom4  
[07-Jun-2024 04:32:23 UTC] event.DEBUG: onBeforeAdminOrderActivate [{"id":8}] 
[07-Jun-2024 04:32:23 UTC] event.INFO: Creating account chiscom7  
[07-Jun-2024 04:32:42 UTC] event.DEBUG: onBeforeAdminOrderActivate [{"id":8}] 
[07-Jun-2024 04:32:42 UTC] event.INFO: Creating account chiscom9  
[07-Jun-2024 04:33:01 UTC] event.DEBUG: onBeforeAdminOrderActivate [{"id":8}] 
[07-Jun-2024 04:33:01 UTC] event.INFO: Creating account chiscom2  
[07-Jun-2024 04:33:26 UTC] event.DEBUG: onBeforeAdminOrderActivate [{"id":8}] 
[07-Jun-2024 04:33:26 UTC] event.INFO: Creating account chiscom7  
[07-Jun-2024 04:34:11 UTC] event.DEBUG: onBeforeAdminOrderActivate [{"id":8}] 
[07-Jun-2024 04:34:11 UTC] event.INFO: Creating account chiscom9  
[07-Jun-2024 04:34:51 UTC] event.DEBUG: onBeforeAdminOrderActivate [{"id":8}] 
[07-Jun-2024 04:34:51 UTC] event.INFO: Creating account chiscom8  
[07-Jun-2024 04:36:47 UTC] event.DEBUG: onBeforeAdminOrderActivate [{"id":8}] 
[07-Jun-2024 04:36:47 UTC] event.INFO: Creating account chiscom1  
[07-Jun-2024 04:37:12 UTC] event.DEBUG: onBeforeAdminOrderActivate [{"id":8}] 
[07-Jun-2024 04:37:12 UTC] event.INFO: Creating account chiscom7  
[07-Jun-2024 04:46:43 UTC] event.DEBUG: onBeforeAdminOrderActivate [{"id":8}] 
[07-Jun-2024 04:46:43 UTC] event.INFO: Creating account chiscom0  
[07-Jun-2024 04:47:04 UTC] event.DEBUG: onBeforeAdminOrderActivate [{"id":8}] 
[07-Jun-2024 04:47:04 UTC] event.INFO: Creating account chiscom5  
[07-Jun-2024 04:49:27 UTC] event.DEBUG: onBeforeAdminOrderActivate [{"id":8}] 
[07-Jun-2024 04:49:27 UTC] event.INFO: Creating account chiscom2  
[07-Jun-2024 04:50:29 UTC] event.DEBUG: onBeforeAdminOrderActivate [{"id":8}] 
[07-Jun-2024 04:50:29 UTC] event.INFO: Creating account chiscom5  
[07-Jun-2024 04:51:31 UTC] event.DEBUG: onBeforeAdminOrderActivate [{"id":8}] 
[07-Jun-2024 04:51:31 UTC] event.INFO: Creating account chiscom0  
[07-Jun-2024 04:55:03 UTC] event.DEBUG: onBeforeAdminOrderActivate [{"id":8}] 
[07-Jun-2024 04:55:03 UTC] event.INFO: Creating account chiscom4  
[07-Jun-2024 04:55:51 UTC] event.DEBUG: onBeforeAdminOrderActivate [{"id":8}] 
[07-Jun-2024 04:55:51 UTC] event.INFO: Creating account chiscom3  
[07-Jun-2024 04:56:33 UTC] event.DEBUG: onBeforeAdminOrderActivate [{"id":8}] 
[07-Jun-2024 04:56:34 UTC] event.INFO: Creating account chiscom9  
[07-Jun-2024 04:57:27 UTC] event.DEBUG: onBeforeAdminOrderActivate [{"id":8}] 
[07-Jun-2024 04:57:27 UTC] event.INFO: Creating account chiscom6  
[07-Jun-2024 04:58:10 UTC] event.DEBUG: onBeforeAdminOrderActivate [{"id":8}] 
[07-Jun-2024 04:58:10 UTC] event.INFO: Creating account chiscom0  
[07-Jun-2024 05:00:35 UTC] event.DEBUG: onBeforeAdminOrderActivate [{"id":8}] 
[07-Jun-2024 05:00:35 UTC] event.INFO: Creating account chiscom6  
[07-Jun-2024 05:00:57 UTC] event.DEBUG: onBeforeAdminOrderActivate [{"id":8}] 
[07-Jun-2024 05:00:57 UTC] event.INFO: Creating account chiscom6  
[07-Jun-2024 05:01:23 UTC] event.DEBUG: onBeforeAdminOrderActivate [{"id":8}] 
[07-Jun-2024 05:01:23 UTC] event.INFO: Creating account chiscom2  
[07-Jun-2024 05:47:16 UTC] event.DEBUG: onBeforeAdminOrderActivate [{"id":8}] 
[07-Jun-2024 05:47:16 UTC] event.INFO: Creating account chiscom1  
[07-Jun-2024 05:48:36 UTC] event.DEBUG: onBeforeAdminOrderActivate [{"id":8}] 
[07-Jun-2024 05:48:36 UTC] event.INFO: Creating account chiscom5  
[07-Jun-2024 05:49:11 UTC] event.DEBUG: onBeforeAdminOrderActivate [{"id":8}] 
[07-Jun-2024 05:49:11 UTC] event.INFO: Creating account chiscom7  
[07-Jun-2024 05:54:51 UTC] event.DEBUG: onBeforeAdminOrderActivate [{"id":8}] 
[07-Jun-2024 05:54:51 UTC] event.INFO: Creating account chiscom5  
[07-Jun-2024 05:55:07 UTC] event.DEBUG: onAfterAdminOrderActivate [{"id":8,"username":"chiscom5","password":"E-%k2VSDtH"}] 
[07-Jun-2024 05:55:08 UTC] event.INFO: Activated order #8 [8] 
[07-Jun-2024 05:55:57 UTC] event.DEBUG: onBeforeAdminGenerateRenewalInvoice [{"order_id":8}] 
[07-Jun-2024 05:55:57 UTC] event.DEBUG: onBeforeAdminInvoiceApprove [{"id":"9"}] 
[07-Jun-2024 05:55:57 UTC] event.DEBUG: onAfterAdminInvoiceApprove [{"id":"9"}] 
[07-Jun-2024 05:55:57 UTC] event.DEBUG: onAfterAdminGenerateRenewalInvoice [{"order_id":8,"id":"9"}] 
[07-Jun-2024 05:55:57 UTC] event.INFO: Generated renewal invoice #9 ["9"] 
[07-Jun-2024 06:00:55 UTC] event.DEBUG: onBeforeClientLogin [{"email":"ameyspero@gmail.com","password":"Password2024","remember":"on","ip":"::1"}] 
[07-Jun-2024 06:00:55 UTC] event.DEBUG: onAfterClientLogin [{"id":1,"ip":"::1"}] 
[07-Jun-2024 06:00:55 UTC] event.INFO: Client #1 logged in [1] 
[07-Jun-2024 06:08:36 UTC] event.DEBUG: onBeforeAdminInvoiceDelete [{"id":9}] 
[07-Jun-2024 06:08:36 UTC] event.DEBUG: onAfterAdminInvoiceDelete [{"id":9}] 
[07-Jun-2024 06:08:36 UTC] event.INFO: Removed invoice #9 [9] 
[07-Jun-2024 06:08:54 UTC] event.DEBUG: onBeforeAdminInvoiceDelete [{"id":7}] 
[07-Jun-2024 06:08:54 UTC] event.DEBUG: onAfterAdminInvoiceDelete [{"id":7}] 
[07-Jun-2024 06:08:54 UTC] event.INFO: Removed invoice #7 [7] 
[07-Jun-2024 06:08:54 UTC] event.DEBUG: onBeforeAdminInvoiceDelete [{"id":6}] 
[07-Jun-2024 06:08:54 UTC] event.DEBUG: onAfterAdminInvoiceDelete [{"id":6}] 
[07-Jun-2024 06:08:54 UTC] event.INFO: Removed invoice #6 [6] 
[07-Jun-2024 06:08:54 UTC] event.DEBUG: onBeforeAdminInvoiceDelete [{"id":5}] 
[07-Jun-2024 06:08:54 UTC] event.DEBUG: onAfterAdminInvoiceDelete [{"id":5}] 
[07-Jun-2024 06:08:54 UTC] event.INFO: Removed invoice #5 [5] 
[07-Jun-2024 15:16:00 UTC] event.DEBUG: onBeforeClientLogin [{"email":"ameyspero@gmail.com","password":"Password2024","remember":"on","ip":"::1"}] 
[07-Jun-2024 15:16:01 UTC] event.DEBUG: onAfterClientLogin [{"id":1,"ip":"::1"}] 
[07-Jun-2024 15:16:01 UTC] event.INFO: Client #1 logged in [1] 
[07-Jun-2024 15:20:24 UTC] event.DEBUG: onBeforeAdminLogin [{"email":"administration@mowondoo.com","ip":"::1"}] 
[07-Jun-2024 15:20:24 UTC] event.DEBUG: onAfterAdminLogin [{"id":1,"ip":"::1"}] 
[07-Jun-2024 15:20:24 UTC] event.INFO: Staff member 1 logged in  
[07-Jun-2024 15:36:35 UTC] event.DEBUG: onBeforeAdminCronRun [null] 
[07-Jun-2024 15:36:36 UTC] event.INFO: Updated currency rates  
[07-Jun-2024 15:36:36 UTC] event.DEBUG: onBeforeAdminInvoiceSendReminders [null] 
[07-Jun-2024 15:36:36 UTC] event.INFO: Executed action to send invoice payment reminders  
[07-Jun-2024 15:36:36 UTC] event.INFO: Executed action to invoke invoice due event  
[07-Jun-2024 15:36:36 UTC] event.DEBUG: onBeforeAdminBatchSuspendOrders [null] 
[07-Jun-2024 15:36:36 UTC] event.DEBUG: onAfterAdminBatchSuspendOrders [null] 
[07-Jun-2024 15:36:36 UTC] event.INFO: Executed action to suspend expired orders  
[07-Jun-2024 15:36:36 UTC] event.DEBUG: onBeforeAdminBatchCancelSuspendedOrders [null] 
[07-Jun-2024 15:36:36 UTC] event.INFO: Executed action to delete expired clients password reminders  
[07-Jun-2024 15:36:36 UTC] event.INFO: Executed action to clear expired shopping carts from database  
[07-Jun-2024 15:36:36 UTC] event.INFO: Removed 1 expired shopping carts [1] 
[07-Jun-2024 15:36:37 UTC] event.DEBUG: onAfterAdminCronRun [null] 
