[05-Jun-2024 07:45:35 UTC] routing.INFO: Unable to find template "mod_page_themes_tide_assets_img_logo.svg" (looked into: /Applications/XAMPP/xamppfiles/htdocs/themes/tide/html_custom, /Applications/XAMPP/xamppfiles/htdocs/themes/tide/html, /Applications/XAMPP/xamppfiles/htdocs/modules/Page/html_client).  
[05-Jun-2024 07:45:35 UTC] routing.INFO: La page /themes/tide/assets/img/logo.svg n'a pas été trouvée  
[05-Jun-2024 07:45:39 UTC] routing.INFO: Unable to find template "mod_page_themes_tide_assets_img_logo.svg" (looked into: /Applications/XAMPP/xamppfiles/htdocs/themes/tide/html_custom, /Applications/XAMPP/xamppfiles/htdocs/themes/tide/html, /Applications/XAMPP/xamppfiles/htdocs/modules/Page/html_client).  
[05-Jun-2024 07:45:39 UTC] routing.INFO: La page /themes/tide/assets/img/logo.svg n'a pas été trouvée  
[05-Jun-2024 07:45:40 UTC] routing.INFO: Unable to find template "mod_page_themes_tide_assets_img_logo.svg" (looked into: /Applications/XAMPP/xamppfiles/htdocs/themes/tide/html_custom, /Applications/XAMPP/xamppfiles/htdocs/themes/tide/html, /Applications/XAMPP/xamppfiles/htdocs/modules/Page/html_client).  
[05-Jun-2024 07:45:40 UTC] routing.INFO: La page /themes/tide/assets/img/logo.svg n'a pas été trouvée  
[05-Jun-2024 08:01:13 UTC] routing.INFO: Unable to find template "mod_page_favicon.ico" (looked into: /Applications/XAMPP/xamppfiles/htdocs/themes/tide/html_custom, /Applications/XAMPP/xamppfiles/htdocs/themes/tide/html, /Applications/XAMPP/xamppfiles/htdocs/modules/Page/html_client).  
[05-Jun-2024 08:01:13 UTC] routing.INFO: La page /favicon.ico n'a pas été trouvée  
[05-Jun-2024 08:08:04 UTC] routing.INFO: Unable to find template "mod_page_favicon.ico" (looked into: /Applications/XAMPP/xamppfiles/htdocs/themes/tide/html_custom, /Applications/XAMPP/xamppfiles/htdocs/themes/tide/html, /Applications/XAMPP/xamppfiles/htdocs/modules/Page/html_client).  
[05-Jun-2024 08:08:04 UTC] routing.INFO: La page /favicon.ico n'a pas été trouvée  
[05-Jun-2024 08:08:21 UTC] routing.INFO: Unable to find template "mod_page_favicon.ico" (looked into: /Applications/XAMPP/xamppfiles/htdocs/themes/tide/html_custom, /Applications/XAMPP/xamppfiles/htdocs/themes/tide/html, /Applications/XAMPP/xamppfiles/htdocs/modules/Page/html_client).  
[05-Jun-2024 08:08:21 UTC] routing.INFO: La page /favicon.ico n'a pas été trouvée  
[05-Jun-2024 08:08:21 UTC] routing.INFO: Unable to find template "mod_page_favicon.ico" (looked into: /Applications/XAMPP/xamppfiles/htdocs/themes/tide/html_custom, /Applications/XAMPP/xamppfiles/htdocs/themes/tide/html, /Applications/XAMPP/xamppfiles/htdocs/modules/Page/html_client).  
[05-Jun-2024 08:08:21 UTC] routing.INFO: La page /favicon.ico n'a pas été trouvée  
[05-Jun-2024 08:08:21 UTC] routing.INFO: Unable to find template "mod_page_favicon.ico" (looked into: /Applications/XAMPP/xamppfiles/htdocs/themes/tide/html_custom, /Applications/XAMPP/xamppfiles/htdocs/themes/tide/html, /Applications/XAMPP/xamppfiles/htdocs/modules/Page/html_client).  
[05-Jun-2024 08:08:21 UTC] routing.INFO: La page /favicon.ico n'a pas été trouvée  
[05-Jun-2024 08:08:22 UTC] routing.INFO: Unable to find template "mod_page_favicon.ico" (looked into: /Applications/XAMPP/xamppfiles/htdocs/themes/tide/html_custom, /Applications/XAMPP/xamppfiles/htdocs/themes/tide/html, /Applications/XAMPP/xamppfiles/htdocs/modules/Page/html_client).  
[05-Jun-2024 08:08:22 UTC] routing.INFO: La page /favicon.ico n'a pas été trouvée  
[05-Jun-2024 08:08:22 UTC] routing.INFO: Unable to find template "mod_page_favicon.ico" (looked into: /Applications/XAMPP/xamppfiles/htdocs/themes/tide/html_custom, /Applications/XAMPP/xamppfiles/htdocs/themes/tide/html, /Applications/XAMPP/xamppfiles/htdocs/modules/Page/html_client).  
[05-Jun-2024 08:08:22 UTC] routing.INFO: La page /favicon.ico n'a pas été trouvée  
[05-Jun-2024 08:08:22 UTC] routing.INFO: Unable to find template "mod_page_favicon.ico" (looked into: /Applications/XAMPP/xamppfiles/htdocs/themes/tide/html_custom, /Applications/XAMPP/xamppfiles/htdocs/themes/tide/html, /Applications/XAMPP/xamppfiles/htdocs/modules/Page/html_client).  
[05-Jun-2024 08:08:22 UTC] routing.INFO: La page /favicon.ico n'a pas été trouvée  
[05-Jun-2024 08:08:22 UTC] routing.INFO: Unable to find template "mod_page_favicon.ico" (looked into: /Applications/XAMPP/xamppfiles/htdocs/themes/tide/html_custom, /Applications/XAMPP/xamppfiles/htdocs/themes/tide/html, /Applications/XAMPP/xamppfiles/htdocs/modules/Page/html_client).  
[05-Jun-2024 08:08:22 UTC] routing.INFO: La page /favicon.ico n'a pas été trouvée  
[05-Jun-2024 08:08:22 UTC] routing.INFO: Unable to find template "mod_page_favicon.ico" (looked into: /Applications/XAMPP/xamppfiles/htdocs/themes/tide/html_custom, /Applications/XAMPP/xamppfiles/htdocs/themes/tide/html, /Applications/XAMPP/xamppfiles/htdocs/modules/Page/html_client).  
[05-Jun-2024 08:08:22 UTC] routing.INFO: La page /favicon.ico n'a pas été trouvée  
[05-Jun-2024 08:08:22 UTC] routing.INFO: Unable to find template "mod_page_favicon.ico" (looked into: /Applications/XAMPP/xamppfiles/htdocs/themes/tide/html_custom, /Applications/XAMPP/xamppfiles/htdocs/themes/tide/html, /Applications/XAMPP/xamppfiles/htdocs/modules/Page/html_client).  
[05-Jun-2024 08:08:22 UTC] routing.INFO: La page /favicon.ico n'a pas été trouvée  
[05-Jun-2024 08:08:23 UTC] routing.INFO: Unable to find template "mod_page_favicon.ico" (looked into: /Applications/XAMPP/xamppfiles/htdocs/themes/tide/html_custom, /Applications/XAMPP/xamppfiles/htdocs/themes/tide/html, /Applications/XAMPP/xamppfiles/htdocs/modules/Page/html_client).  
[05-Jun-2024 08:08:23 UTC] routing.INFO: La page /favicon.ico n'a pas été trouvée  
[05-Jun-2024 08:08:23 UTC] routing.INFO: Unable to find template "mod_page_favicon.ico" (looked into: /Applications/XAMPP/xamppfiles/htdocs/themes/tide/html_custom, /Applications/XAMPP/xamppfiles/htdocs/themes/tide/html, /Applications/XAMPP/xamppfiles/htdocs/modules/Page/html_client).  
[05-Jun-2024 08:08:23 UTC] routing.INFO: La page /favicon.ico n'a pas été trouvée  
[05-Jun-2024 08:08:23 UTC] routing.INFO: Unable to find template "mod_page_favicon.ico" (looked into: /Applications/XAMPP/xamppfiles/htdocs/themes/tide/html_custom, /Applications/XAMPP/xamppfiles/htdocs/themes/tide/html, /Applications/XAMPP/xamppfiles/htdocs/modules/Page/html_client).  
[05-Jun-2024 08:08:23 UTC] routing.INFO: La page /favicon.ico n'a pas été trouvée  
[05-Jun-2024 10:49:51 UTC] routing.INFO: Unable to find template "mod_page_favicon.ico" (looked into: /Applications/XAMPP/xamppfiles/htdocs/themes/tide/html_custom, /Applications/XAMPP/xamppfiles/htdocs/themes/tide/html, /Applications/XAMPP/xamppfiles/htdocs/modules/Page/html_client).  
[05-Jun-2024 10:49:51 UTC] routing.INFO: La page /favicon.ico n'a pas été trouvée  
[05-Jun-2024 14:20:17 UTC] routing.INFO: Unable to find template "mod_page_orderbutton.html.twig" (looked into: /Applications/XAMPP/xamppfiles/htdocs/themes/tide/html_custom, /Applications/XAMPP/xamppfiles/htdocs/themes/tide/html, /Applications/XAMPP/xamppfiles/htdocs/modules/Page/html_client).  
[05-Jun-2024 14:20:17 UTC] routing.INFO: Page /orderbutton not found  
[05-Jun-2024 14:21:02 UTC] routing.INFO: Unable to find template "mod_page_favicon.ico" (looked into: /Applications/XAMPP/xamppfiles/htdocs/themes/tide/html_custom, /Applications/XAMPP/xamppfiles/htdocs/themes/tide/html, /Applications/XAMPP/xamppfiles/htdocs/modules/Page/html_client).  
[05-Jun-2024 14:21:02 UTC] routing.INFO: Page /favicon.ico not found  
[05-Jun-2024 14:21:34 UTC] routing.INFO: Unable to find template "mod_page_orderbutton.html.twig" (looked into: /Applications/XAMPP/xamppfiles/htdocs/themes/tide/html_custom, /Applications/XAMPP/xamppfiles/htdocs/themes/tide/html, /Applications/XAMPP/xamppfiles/htdocs/modules/Page/html_client).  
[05-Jun-2024 14:21:34 UTC] routing.INFO: Page /orderbutton not found  
[05-Jun-2024 14:21:35 UTC] routing.INFO: Unable to find template "mod_page_orderbutton.html.twig" (looked into: /Applications/XAMPP/xamppfiles/htdocs/themes/tide/html_custom, /Applications/XAMPP/xamppfiles/htdocs/themes/tide/html, /Applications/XAMPP/xamppfiles/htdocs/modules/Page/html_client).  
[05-Jun-2024 14:21:35 UTC] routing.INFO: Page /orderbutton not found  
[05-Jun-2024 14:21:55 UTC] routing.INFO: Unable to find template "mod_page_orderbutton.html.twig" (looked into: /Applications/XAMPP/xamppfiles/htdocs/themes/tide/html_custom, /Applications/XAMPP/xamppfiles/htdocs/themes/tide/html, /Applications/XAMPP/xamppfiles/htdocs/modules/Page/html_client).  
[05-Jun-2024 14:21:55 UTC] routing.INFO: Page /orderbutton not found  
[05-Jun-2024 14:24:37 UTC] routing.INFO: Unable to find template ".html.twig" (looked into: /Applications/XAMPP/xamppfiles/htdocs/themes/tide/html_custom, /Applications/XAMPP/xamppfiles/htdocs/themes/tide/html).  
[05-Jun-2024 14:24:37 UTC] routing.INFO: Unable to find template "mod_page_favicon.ico" (looked into: /Applications/XAMPP/xamppfiles/htdocs/themes/tide/html_custom, /Applications/XAMPP/xamppfiles/htdocs/themes/tide/html, /Applications/XAMPP/xamppfiles/htdocs/modules/Page/html_client).  
[05-Jun-2024 14:24:37 UTC] routing.INFO: Page /favicon.ico not found  
[05-Jun-2024 15:43:31 UTC] routing.INFO: Unable to find template "mod_page_orderbutton.html.twig" (looked into: /Applications/XAMPP/xamppfiles/htdocs/themes/tide/html_custom, /Applications/XAMPP/xamppfiles/htdocs/themes/tide/html, /Applications/XAMPP/xamppfiles/htdocs/modules/Page/html_client).  
[05-Jun-2024 15:43:31 UTC] routing.INFO: Page /orderbutton not found  
[05-Jun-2024 16:53:12 UTC] routing.INFO: Unable to find template "mod_page_invoice_pdf_deb1d00d0dd44e7b3182770d80a4ddca85f96a089289319f5fe6f56f4603e347244a5fb079e9ef2588f18c543c701949fa2abb4afef8b5c13e589ad7bcf4515754bde7802408b34c3c408fcb6ca939e81724eedaf4a92dfea2f477cc66dbbeb17f66f38482024fa80c0bcca878e0dfbdecca79c15dac0231.pdf" (looked into: /Applications/XAMPP/xamppfiles/htdocs/themes/tide/html_custom, /Applications/XAMPP/xamppfiles/htdocs/themes/tide/html, /Applications/XAMPP/xamppfiles/htdocs/modules/Page/html_client).  
[05-Jun-2024 16:53:12 UTC] routing.INFO: Page /invoice/pdf/deb1d00d0dd44e7b3182770d80a4ddca85f96a089289319f5fe6f56f4603e347244a5fb079e9ef2588f18c543c701949fa2abb4afef8b5c13e589ad7bcf4515754bde7802408b34c3c408fcb6ca939e81724eedaf4a92dfea2f477cc66dbbeb17f66f38482024fa80c0bcca878e0dfbdecca79c15dac0231.pdf not found  
[05-Jun-2024 19:53:00 UTC] routing.INFO: Unable to find template "mod_page_favicon.ico" (looked into: /Applications/XAMPP/xamppfiles/htdocs/themes/tide/html_custom, /Applications/XAMPP/xamppfiles/htdocs/themes/tide/html, /Applications/XAMPP/xamppfiles/htdocs/modules/Page/html_client).  
[05-Jun-2024 19:53:00 UTC] routing.INFO: Page /favicon.ico not found  
