[06-Jun-2024 00:38:05 UTC] routing.INFO: Unable to find template "mod_page_favicon.ico" (looked into: /Applications/XAMPP/xamppfiles/htdocs/themes/tide/html_custom, /Applications/XAMPP/xamppfiles/htdocs/themes/tide/html, /Applications/XAMPP/xamppfiles/htdocs/modules/Page/html_client).  
[06-Jun-2024 00:38:05 UTC] routing.INFO: Page /favicon.ico not found  
[06-Jun-2024 00:38:21 UTC] routing.INFO: Unable to find template "mod_page_favicon.ico" (looked into: /Applications/XAMPP/xamppfiles/htdocs/themes/tide/html_custom, /Applications/XAMPP/xamppfiles/htdocs/themes/tide/html, /Applications/XAMPP/xamppfiles/htdocs/modules/Page/html_client).  
[06-Jun-2024 00:38:21 UTC] routing.INFO: Page /favicon.ico not found  
[06-Jun-2024 00:38:23 UTC] routing.INFO: Unable to find template "mod_page_favicon.ico" (looked into: /Applications/XAMPP/xamppfiles/htdocs/themes/tide/html_custom, /Applications/XAMPP/xamppfiles/htdocs/themes/tide/html, /Applications/XAMPP/xamppfiles/htdocs/modules/Page/html_client).  
[06-Jun-2024 00:38:23 UTC] routing.INFO: Page /favicon.ico not found  
[06-Jun-2024 00:39:13 UTC] routing.INFO: Unable to find template "mod_page_favicon.ico" (looked into: /Applications/XAMPP/xamppfiles/htdocs/themes/tide/html_custom, /Applications/XAMPP/xamppfiles/htdocs/themes/tide/html, /Applications/XAMPP/xamppfiles/htdocs/modules/Page/html_client).  
[06-Jun-2024 00:39:13 UTC] routing.INFO: Page /favicon.ico not found  
[06-Jun-2024 00:39:54 UTC] routing.INFO: Unable to find template "mod_page_favicon.ico" (looked into: /Applications/XAMPP/xamppfiles/htdocs/themes/tide/html_custom, /Applications/XAMPP/xamppfiles/htdocs/themes/tide/html, /Applications/XAMPP/xamppfiles/htdocs/modules/Page/html_client).  
[06-Jun-2024 00:39:54 UTC] routing.INFO: Page /favicon.ico not found  
[06-Jun-2024 00:40:38 UTC] routing.INFO: Unable to find template "mod_page_favicon.ico" (looked into: /Applications/XAMPP/xamppfiles/htdocs/themes/tide/html_custom, /Applications/XAMPP/xamppfiles/htdocs/themes/tide/html, /Applications/XAMPP/xamppfiles/htdocs/modules/Page/html_client).  
[06-Jun-2024 00:40:38 UTC] routing.INFO: Page /favicon.ico not found  
[06-Jun-2024 00:40:40 UTC] routing.INFO: Unable to find template "mod_page_favicon.ico" (looked into: /Applications/XAMPP/xamppfiles/htdocs/themes/tide/html_custom, /Applications/XAMPP/xamppfiles/htdocs/themes/tide/html, /Applications/XAMPP/xamppfiles/htdocs/modules/Page/html_client).  
[06-Jun-2024 00:40:40 UTC] routing.INFO: Page /favicon.ico not found  
[06-Jun-2024 00:40:41 UTC] routing.INFO: Unable to find template "mod_page_favicon.ico" (looked into: /Applications/XAMPP/xamppfiles/htdocs/themes/tide/html_custom, /Applications/XAMPP/xamppfiles/htdocs/themes/tide/html, /Applications/XAMPP/xamppfiles/htdocs/modules/Page/html_client).  
[06-Jun-2024 00:40:41 UTC] routing.INFO: Page /favicon.ico not found  
[06-Jun-2024 00:41:13 UTC] routing.INFO: Unable to find template "mod_page_favicon.ico" (looked into: /Applications/XAMPP/xamppfiles/htdocs/themes/tide/html_custom, /Applications/XAMPP/xamppfiles/htdocs/themes/tide/html, /Applications/XAMPP/xamppfiles/htdocs/modules/Page/html_client).  
[06-Jun-2024 00:41:13 UTC] routing.INFO: Page /favicon.ico not found  
[06-Jun-2024 00:41:15 UTC] routing.INFO: Unable to find template "mod_page_favicon.ico" (looked into: /Applications/XAMPP/xamppfiles/htdocs/themes/tide/html_custom, /Applications/XAMPP/xamppfiles/htdocs/themes/tide/html, /Applications/XAMPP/xamppfiles/htdocs/modules/Page/html_client).  
[06-Jun-2024 00:41:15 UTC] routing.INFO: Page /favicon.ico not found  
[06-Jun-2024 00:43:53 UTC] routing.INFO: Unable to find template "mod_page_favicon.ico" (looked into: /Applications/XAMPP/xamppfiles/htdocs/themes/tide/html_custom, /Applications/XAMPP/xamppfiles/htdocs/themes/tide/html, /Applications/XAMPP/xamppfiles/htdocs/modules/Page/html_client).  
[06-Jun-2024 00:43:53 UTC] routing.INFO: Page /favicon.ico not found  
[06-Jun-2024 00:43:55 UTC] routing.INFO: Unable to find template "mod_page_favicon.ico" (looked into: /Applications/XAMPP/xamppfiles/htdocs/themes/tide/html_custom, /Applications/XAMPP/xamppfiles/htdocs/themes/tide/html, /Applications/XAMPP/xamppfiles/htdocs/modules/Page/html_client).  
[06-Jun-2024 00:43:55 UTC] routing.INFO: Page /favicon.ico not found  
[06-Jun-2024 00:44:42 UTC] routing.INFO: Unable to find template "mod_page_favicon.ico" (looked into: /Applications/XAMPP/xamppfiles/htdocs/themes/tide/html_custom, /Applications/XAMPP/xamppfiles/htdocs/themes/tide/html, /Applications/XAMPP/xamppfiles/htdocs/modules/Page/html_client).  
[06-Jun-2024 00:44:42 UTC] routing.INFO: Page /favicon.ico not found  
[06-Jun-2024 00:44:44 UTC] routing.INFO: Unable to find template "mod_page_favicon.ico" (looked into: /Applications/XAMPP/xamppfiles/htdocs/themes/tide/html_custom, /Applications/XAMPP/xamppfiles/htdocs/themes/tide/html, /Applications/XAMPP/xamppfiles/htdocs/modules/Page/html_client).  
[06-Jun-2024 00:44:44 UTC] routing.INFO: Page /favicon.ico not found  
[06-Jun-2024 00:45:02 UTC] routing.INFO: Unable to find template "mod_page_favicon.ico" (looked into: /Applications/XAMPP/xamppfiles/htdocs/themes/tide/html_custom, /Applications/XAMPP/xamppfiles/htdocs/themes/tide/html, /Applications/XAMPP/xamppfiles/htdocs/modules/Page/html_client).  
[06-Jun-2024 00:45:02 UTC] routing.INFO: Page /favicon.ico not found  
[06-Jun-2024 00:45:07 UTC] routing.INFO: Unable to find template "mod_page_favicon.ico" (looked into: /Applications/XAMPP/xamppfiles/htdocs/themes/tide/html_custom, /Applications/XAMPP/xamppfiles/htdocs/themes/tide/html, /Applications/XAMPP/xamppfiles/htdocs/modules/Page/html_client).  
[06-Jun-2024 00:45:07 UTC] routing.INFO: Page /favicon.ico not found  
[06-Jun-2024 00:45:10 UTC] routing.INFO: Unable to find template "mod_page_favicon.ico" (looked into: /Applications/XAMPP/xamppfiles/htdocs/themes/tide/html_custom, /Applications/XAMPP/xamppfiles/htdocs/themes/tide/html, /Applications/XAMPP/xamppfiles/htdocs/modules/Page/html_client).  
[06-Jun-2024 00:45:10 UTC] routing.INFO: Page /favicon.ico not found  
[06-Jun-2024 00:45:12 UTC] routing.INFO: Unable to find template "mod_page_favicon.ico" (looked into: /Applications/XAMPP/xamppfiles/htdocs/themes/tide/html_custom, /Applications/XAMPP/xamppfiles/htdocs/themes/tide/html, /Applications/XAMPP/xamppfiles/htdocs/modules/Page/html_client).  
[06-Jun-2024 00:45:12 UTC] routing.INFO: Page /favicon.ico not found  
[06-Jun-2024 00:45:46 UTC] routing.INFO: Unable to find template "mod_page_favicon.ico" (looked into: /Applications/XAMPP/xamppfiles/htdocs/themes/tide/html_custom, /Applications/XAMPP/xamppfiles/htdocs/themes/tide/html, /Applications/XAMPP/xamppfiles/htdocs/modules/Page/html_client).  
[06-Jun-2024 00:45:46 UTC] routing.INFO: Page /favicon.ico not found  
[06-Jun-2024 00:45:48 UTC] routing.INFO: Unable to find template "mod_page_favicon.ico" (looked into: /Applications/XAMPP/xamppfiles/htdocs/themes/tide/html_custom, /Applications/XAMPP/xamppfiles/htdocs/themes/tide/html, /Applications/XAMPP/xamppfiles/htdocs/modules/Page/html_client).  
[06-Jun-2024 00:45:48 UTC] routing.INFO: Page /favicon.ico not found  
[06-Jun-2024 00:49:02 UTC] routing.INFO: Unable to find template "mod_page_favicon.ico" (looked into: /Applications/XAMPP/xamppfiles/htdocs/themes/tide/html_custom, /Applications/XAMPP/xamppfiles/htdocs/themes/tide/html, /Applications/XAMPP/xamppfiles/htdocs/modules/Page/html_client).  
[06-Jun-2024 00:49:02 UTC] routing.INFO: Page /favicon.ico not found  
[06-Jun-2024 00:51:18 UTC] routing.INFO: Unable to find template "mod_page_favicon.ico" (looked into: /Applications/XAMPP/xamppfiles/htdocs/themes/tide/html_custom, /Applications/XAMPP/xamppfiles/htdocs/themes/tide/html, /Applications/XAMPP/xamppfiles/htdocs/modules/Page/html_client).  
[06-Jun-2024 00:51:18 UTC] routing.INFO: Page /favicon.ico not found  
[06-Jun-2024 00:53:50 UTC] routing.INFO: Unable to find template "mod_page_favicon.ico" (looked into: /Applications/XAMPP/xamppfiles/htdocs/themes/tide/html_custom, /Applications/XAMPP/xamppfiles/htdocs/themes/tide/html, /Applications/XAMPP/xamppfiles/htdocs/modules/Page/html_client).  
[06-Jun-2024 00:53:50 UTC] routing.INFO: Page /favicon.ico not found  
[06-Jun-2024 00:53:56 UTC] routing.INFO: Unable to find template "mod_page_favicon.ico" (looked into: /Applications/XAMPP/xamppfiles/htdocs/themes/tide/html_custom, /Applications/XAMPP/xamppfiles/htdocs/themes/tide/html, /Applications/XAMPP/xamppfiles/htdocs/modules/Page/html_client).  
[06-Jun-2024 00:53:56 UTC] routing.INFO: Page /favicon.ico not found  
[06-Jun-2024 00:56:03 UTC] routing.INFO: Unable to find template "mod_page_favicon.ico" (looked into: /Applications/XAMPP/xamppfiles/htdocs/themes/tide/html_custom, /Applications/XAMPP/xamppfiles/htdocs/themes/tide/html, /Applications/XAMPP/xamppfiles/htdocs/modules/Page/html_client).  
[06-Jun-2024 00:56:03 UTC] routing.INFO: Page /favicon.ico not found  
[06-Jun-2024 00:59:05 UTC] routing.INFO: Unable to find template "mod_page_favicon.ico" (looked into: /Applications/XAMPP/xamppfiles/htdocs/themes/tide/html_custom, /Applications/XAMPP/xamppfiles/htdocs/themes/tide/html, /Applications/XAMPP/xamppfiles/htdocs/modules/Page/html_client).  
[06-Jun-2024 00:59:05 UTC] routing.INFO: Page /favicon.ico not found  
[06-Jun-2024 01:00:12 UTC] routing.INFO: Unable to find template "mod_page_favicon.ico" (looked into: /Applications/XAMPP/xamppfiles/htdocs/themes/tide/html_custom, /Applications/XAMPP/xamppfiles/htdocs/themes/tide/html, /Applications/XAMPP/xamppfiles/htdocs/modules/Page/html_client).  
[06-Jun-2024 01:00:12 UTC] routing.INFO: Page /favicon.ico not found  
[06-Jun-2024 01:00:19 UTC] routing.INFO: Unable to find template "mod_page_favicon.ico" (looked into: /Applications/XAMPP/xamppfiles/htdocs/themes/tide/html_custom, /Applications/XAMPP/xamppfiles/htdocs/themes/tide/html, /Applications/XAMPP/xamppfiles/htdocs/modules/Page/html_client).  
[06-Jun-2024 01:00:19 UTC] routing.INFO: Page /favicon.ico not found  
[06-Jun-2024 01:09:36 UTC] routing.INFO: Unable to find template "mod_page_favicon.ico" (looked into: /Applications/XAMPP/xamppfiles/htdocs/themes/tide/html_custom, /Applications/XAMPP/xamppfiles/htdocs/themes/tide/html, /Applications/XAMPP/xamppfiles/htdocs/modules/Page/html_client).  
[06-Jun-2024 01:09:36 UTC] routing.INFO: Page /favicon.ico not found  
[06-Jun-2024 01:10:50 UTC] routing.INFO: Unable to find template "mod_page_favicon.ico" (looked into: /Applications/XAMPP/xamppfiles/htdocs/themes/tide/html_custom, /Applications/XAMPP/xamppfiles/htdocs/themes/tide/html, /Applications/XAMPP/xamppfiles/htdocs/modules/Page/html_client).  
[06-Jun-2024 01:10:50 UTC] routing.INFO: Page /favicon.ico not found  
[06-Jun-2024 01:11:05 UTC] routing.INFO: Unable to find template "mod_page_favicon.ico" (looked into: /Applications/XAMPP/xamppfiles/htdocs/themes/tide/html_custom, /Applications/XAMPP/xamppfiles/htdocs/themes/tide/html, /Applications/XAMPP/xamppfiles/htdocs/modules/Page/html_client).  
[06-Jun-2024 01:11:05 UTC] routing.INFO: Page /favicon.ico not found  
[06-Jun-2024 01:11:42 UTC] routing.INFO: Unable to find template "mod_page_favicon.ico" (looked into: /Applications/XAMPP/xamppfiles/htdocs/themes/tide/html_custom, /Applications/XAMPP/xamppfiles/htdocs/themes/tide/html, /Applications/XAMPP/xamppfiles/htdocs/modules/Page/html_client).  
[06-Jun-2024 01:11:42 UTC] routing.INFO: Page /favicon.ico not found  
[06-Jun-2024 01:11:49 UTC] routing.INFO: Unable to find template "mod_page_favicon.ico" (looked into: /Applications/XAMPP/xamppfiles/htdocs/themes/tide/html_custom, /Applications/XAMPP/xamppfiles/htdocs/themes/tide/html, /Applications/XAMPP/xamppfiles/htdocs/modules/Page/html_client).  
[06-Jun-2024 01:11:49 UTC] routing.INFO: Page /favicon.ico not found  
[06-Jun-2024 01:12:55 UTC] routing.INFO: Unable to find template "mod_page_favicon.ico" (looked into: /Applications/XAMPP/xamppfiles/htdocs/themes/tide/html_custom, /Applications/XAMPP/xamppfiles/htdocs/themes/tide/html, /Applications/XAMPP/xamppfiles/htdocs/modules/Page/html_client).  
[06-Jun-2024 01:12:55 UTC] routing.INFO: Page /favicon.ico not found  
[06-Jun-2024 01:13:51 UTC] routing.INFO: Unable to find template "mod_page_favicon.ico" (looked into: /Applications/XAMPP/xamppfiles/htdocs/themes/tide/html_custom, /Applications/XAMPP/xamppfiles/htdocs/themes/tide/html, /Applications/XAMPP/xamppfiles/htdocs/modules/Page/html_client).  
[06-Jun-2024 01:13:51 UTC] routing.INFO: Page /favicon.ico not found  
[06-Jun-2024 01:17:52 UTC] routing.INFO: Unable to find template "mod_page_favicon.ico" (looked into: /Applications/XAMPP/xamppfiles/htdocs/themes/tide/html_custom, /Applications/XAMPP/xamppfiles/htdocs/themes/tide/html, /Applications/XAMPP/xamppfiles/htdocs/modules/Page/html_client).  
[06-Jun-2024 01:17:52 UTC] routing.INFO: Page /favicon.ico not found  
[06-Jun-2024 01:24:30 UTC] routing.INFO: Unable to find template "mod_page_spero.pdf" (looked into: /Applications/XAMPP/xamppfiles/htdocs/themes/tide/html_custom, /Applications/XAMPP/xamppfiles/htdocs/themes/tide/html, /Applications/XAMPP/xamppfiles/htdocs/modules/Page/html_client).  
[06-Jun-2024 01:24:30 UTC] routing.INFO: Page /spero.pdf not found  
[06-Jun-2024 01:29:40 UTC] routing.INFO: Unable to find template "mod_page_favicon.ico" (looked into: /Applications/XAMPP/xamppfiles/htdocs/themes/tide/html_custom, /Applications/XAMPP/xamppfiles/htdocs/themes/tide/html, /Applications/XAMPP/xamppfiles/htdocs/modules/Page/html_client).  
[06-Jun-2024 01:29:40 UTC] routing.INFO: Page /favicon.ico not found  
[06-Jun-2024 01:30:10 UTC] routing.INFO: Unable to find template "mod_page_favicon.ico" (looked into: /Applications/XAMPP/xamppfiles/htdocs/themes/tide/html_custom, /Applications/XAMPP/xamppfiles/htdocs/themes/tide/html, /Applications/XAMPP/xamppfiles/htdocs/modules/Page/html_client).  
[06-Jun-2024 01:30:10 UTC] routing.INFO: Page /favicon.ico not found  
[06-Jun-2024 01:30:13 UTC] routing.INFO: Unable to find template "mod_page_favicon.ico" (looked into: /Applications/XAMPP/xamppfiles/htdocs/themes/tide/html_custom, /Applications/XAMPP/xamppfiles/htdocs/themes/tide/html, /Applications/XAMPP/xamppfiles/htdocs/modules/Page/html_client).  
[06-Jun-2024 01:30:13 UTC] routing.INFO: Page /favicon.ico not found  
[06-Jun-2024 01:30:15 UTC] routing.INFO: Unable to find template "mod_page_favicon.ico" (looked into: /Applications/XAMPP/xamppfiles/htdocs/themes/tide/html_custom, /Applications/XAMPP/xamppfiles/htdocs/themes/tide/html, /Applications/XAMPP/xamppfiles/htdocs/modules/Page/html_client).  
[06-Jun-2024 01:30:15 UTC] routing.INFO: Page /favicon.ico not found  
[06-Jun-2024 01:30:16 UTC] routing.INFO: Unable to find template "mod_page_favicon.ico" (looked into: /Applications/XAMPP/xamppfiles/htdocs/themes/tide/html_custom, /Applications/XAMPP/xamppfiles/htdocs/themes/tide/html, /Applications/XAMPP/xamppfiles/htdocs/modules/Page/html_client).  
[06-Jun-2024 01:30:16 UTC] routing.INFO: Page /favicon.ico not found  
[06-Jun-2024 01:30:17 UTC] routing.INFO: Unable to find template "mod_page_favicon.ico" (looked into: /Applications/XAMPP/xamppfiles/htdocs/themes/tide/html_custom, /Applications/XAMPP/xamppfiles/htdocs/themes/tide/html, /Applications/XAMPP/xamppfiles/htdocs/modules/Page/html_client).  
[06-Jun-2024 01:30:17 UTC] routing.INFO: Page /favicon.ico not found  
[06-Jun-2024 01:30:38 UTC] routing.INFO: Unable to find template "mod_page_favicon.ico" (looked into: /Applications/XAMPP/xamppfiles/htdocs/themes/tide/html_custom, /Applications/XAMPP/xamppfiles/htdocs/themes/tide/html, /Applications/XAMPP/xamppfiles/htdocs/modules/Page/html_client).  
[06-Jun-2024 01:30:38 UTC] routing.INFO: Page /favicon.ico not found  
[06-Jun-2024 01:31:49 UTC] routing.INFO: Unable to find template "mod_page_favicon.ico" (looked into: /Applications/XAMPP/xamppfiles/htdocs/themes/tide/html_custom, /Applications/XAMPP/xamppfiles/htdocs/themes/tide/html, /Applications/XAMPP/xamppfiles/htdocs/modules/Page/html_client).  
[06-Jun-2024 01:31:49 UTC] routing.INFO: Page /favicon.ico not found  
[06-Jun-2024 01:31:56 UTC] routing.INFO: Unable to find template "mod_page_favicon.ico" (looked into: /Applications/XAMPP/xamppfiles/htdocs/themes/tide/html_custom, /Applications/XAMPP/xamppfiles/htdocs/themes/tide/html, /Applications/XAMPP/xamppfiles/htdocs/modules/Page/html_client).  
[06-Jun-2024 01:31:56 UTC] routing.INFO: Page /favicon.ico not found  
[06-Jun-2024 01:31:57 UTC] routing.INFO: Unable to find template "mod_page_favicon.ico" (looked into: /Applications/XAMPP/xamppfiles/htdocs/themes/tide/html_custom, /Applications/XAMPP/xamppfiles/htdocs/themes/tide/html, /Applications/XAMPP/xamppfiles/htdocs/modules/Page/html_client).  
[06-Jun-2024 01:31:57 UTC] routing.INFO: Page /favicon.ico not found  
[06-Jun-2024 01:31:58 UTC] routing.INFO: Unable to find template "mod_page_favicon.ico" (looked into: /Applications/XAMPP/xamppfiles/htdocs/themes/tide/html_custom, /Applications/XAMPP/xamppfiles/htdocs/themes/tide/html, /Applications/XAMPP/xamppfiles/htdocs/modules/Page/html_client).  
[06-Jun-2024 01:31:58 UTC] routing.INFO: Page /favicon.ico not found  
[06-Jun-2024 01:31:58 UTC] routing.INFO: Unable to find template "mod_page_favicon.ico" (looked into: /Applications/XAMPP/xamppfiles/htdocs/themes/tide/html_custom, /Applications/XAMPP/xamppfiles/htdocs/themes/tide/html, /Applications/XAMPP/xamppfiles/htdocs/modules/Page/html_client).  
[06-Jun-2024 01:31:58 UTC] routing.INFO: Page /favicon.ico not found  
[06-Jun-2024 01:33:32 UTC] routing.INFO: Unable to find template "mod_page_favicon.ico" (looked into: /Applications/XAMPP/xamppfiles/htdocs/themes/tide/html_custom, /Applications/XAMPP/xamppfiles/htdocs/themes/tide/html, /Applications/XAMPP/xamppfiles/htdocs/modules/Page/html_client).  
[06-Jun-2024 01:33:32 UTC] routing.INFO: Page /favicon.ico not found  
[06-Jun-2024 01:35:04 UTC] routing.INFO: Unable to find template "mod_page_favicon.ico" (looked into: /Applications/XAMPP/xamppfiles/htdocs/themes/tide/html_custom, /Applications/XAMPP/xamppfiles/htdocs/themes/tide/html, /Applications/XAMPP/xamppfiles/htdocs/modules/Page/html_client).  
[06-Jun-2024 01:35:04 UTC] routing.INFO: Page /favicon.ico not found  
[06-Jun-2024 01:37:08 UTC] routing.INFO: Unable to find template "mod_page_favicon.ico" (looked into: /Applications/XAMPP/xamppfiles/htdocs/themes/tide/html_custom, /Applications/XAMPP/xamppfiles/htdocs/themes/tide/html, /Applications/XAMPP/xamppfiles/htdocs/modules/Page/html_client).  
[06-Jun-2024 01:37:08 UTC] routing.INFO: Page /favicon.ico not found  
[06-Jun-2024 01:43:24 UTC] routing.INFO: Unable to find template "mod_page_favicon.ico" (looked into: /Applications/XAMPP/xamppfiles/htdocs/themes/tide/html_custom, /Applications/XAMPP/xamppfiles/htdocs/themes/tide/html, /Applications/XAMPP/xamppfiles/htdocs/modules/Page/html_client).  
[06-Jun-2024 01:43:24 UTC] routing.INFO: Page /favicon.ico not found  
[06-Jun-2024 01:45:06 UTC] routing.INFO: Unable to find template "mod_page_favicon.ico" (looked into: /Applications/XAMPP/xamppfiles/htdocs/themes/tide/html_custom, /Applications/XAMPP/xamppfiles/htdocs/themes/tide/html, /Applications/XAMPP/xamppfiles/htdocs/modules/Page/html_client).  
[06-Jun-2024 01:45:06 UTC] routing.INFO: Page /favicon.ico not found  
[06-Jun-2024 01:45:13 UTC] routing.INFO: Unable to find template "mod_page_favicon.ico" (looked into: /Applications/XAMPP/xamppfiles/htdocs/themes/tide/html_custom, /Applications/XAMPP/xamppfiles/htdocs/themes/tide/html, /Applications/XAMPP/xamppfiles/htdocs/modules/Page/html_client).  
[06-Jun-2024 01:45:13 UTC] routing.INFO: Page /favicon.ico not found  
[06-Jun-2024 01:45:26 UTC] routing.INFO: Unable to find template "mod_page_favicon.ico" (looked into: /Applications/XAMPP/xamppfiles/htdocs/themes/tide/html_custom, /Applications/XAMPP/xamppfiles/htdocs/themes/tide/html, /Applications/XAMPP/xamppfiles/htdocs/modules/Page/html_client).  
[06-Jun-2024 01:45:26 UTC] routing.INFO: Page /favicon.ico not found  
[06-Jun-2024 01:46:13 UTC] routing.INFO: Unable to find template "mod_page_favicon.ico" (looked into: /Applications/XAMPP/xamppfiles/htdocs/themes/tide/html_custom, /Applications/XAMPP/xamppfiles/htdocs/themes/tide/html, /Applications/XAMPP/xamppfiles/htdocs/modules/Page/html_client).  
[06-Jun-2024 01:46:13 UTC] routing.INFO: Page /favicon.ico not found  
[06-Jun-2024 02:02:04 UTC] routing.INFO: Unable to find template "mod_page_favicon.ico" (looked into: /Applications/XAMPP/xamppfiles/htdocs/themes/tide/html_custom, /Applications/XAMPP/xamppfiles/htdocs/themes/tide/html, /Applications/XAMPP/xamppfiles/htdocs/modules/Page/html_client).  
[06-Jun-2024 02:02:04 UTC] routing.INFO: Page /favicon.ico not found  
[06-Jun-2024 02:02:20 UTC] routing.INFO: Unable to find template "mod_page_favicon.ico" (looked into: /Applications/XAMPP/xamppfiles/htdocs/themes/tide/html_custom, /Applications/XAMPP/xamppfiles/htdocs/themes/tide/html, /Applications/XAMPP/xamppfiles/htdocs/modules/Page/html_client).  
[06-Jun-2024 02:02:20 UTC] routing.INFO: Page /favicon.ico not found  
[06-Jun-2024 02:02:23 UTC] routing.INFO: Unable to find template "mod_page_favicon.ico" (looked into: /Applications/XAMPP/xamppfiles/htdocs/themes/tide/html_custom, /Applications/XAMPP/xamppfiles/htdocs/themes/tide/html, /Applications/XAMPP/xamppfiles/htdocs/modules/Page/html_client).  
[06-Jun-2024 02:02:23 UTC] routing.INFO: Page /favicon.ico not found  
[06-Jun-2024 02:02:26 UTC] routing.INFO: Unable to find template "mod_page_favicon.ico" (looked into: /Applications/XAMPP/xamppfiles/htdocs/themes/tide/html_custom, /Applications/XAMPP/xamppfiles/htdocs/themes/tide/html, /Applications/XAMPP/xamppfiles/htdocs/modules/Page/html_client).  
[06-Jun-2024 02:02:26 UTC] routing.INFO: Page /favicon.ico not found  
[06-Jun-2024 02:02:29 UTC] routing.INFO: Unable to find template "mod_page_favicon.ico" (looked into: /Applications/XAMPP/xamppfiles/htdocs/themes/tide/html_custom, /Applications/XAMPP/xamppfiles/htdocs/themes/tide/html, /Applications/XAMPP/xamppfiles/htdocs/modules/Page/html_client).  
[06-Jun-2024 02:02:29 UTC] routing.INFO: Page /favicon.ico not found  
[06-Jun-2024 02:03:21 UTC] routing.INFO: Unable to find template "mod_page_favicon.ico" (looked into: /Applications/XAMPP/xamppfiles/htdocs/themes/tide/html_custom, /Applications/XAMPP/xamppfiles/htdocs/themes/tide/html, /Applications/XAMPP/xamppfiles/htdocs/modules/Page/html_client).  
[06-Jun-2024 02:03:21 UTC] routing.INFO: Page /favicon.ico not found  
[06-Jun-2024 02:03:30 UTC] routing.INFO: Unable to find template "mod_page_favicon.ico" (looked into: /Applications/XAMPP/xamppfiles/htdocs/themes/tide/html_custom, /Applications/XAMPP/xamppfiles/htdocs/themes/tide/html, /Applications/XAMPP/xamppfiles/htdocs/modules/Page/html_client).  
[06-Jun-2024 02:03:30 UTC] routing.INFO: Page /favicon.ico not found  
[06-Jun-2024 02:04:04 UTC] routing.INFO: Unable to find template "mod_page_favicon.ico" (looked into: /Applications/XAMPP/xamppfiles/htdocs/themes/tide/html_custom, /Applications/XAMPP/xamppfiles/htdocs/themes/tide/html, /Applications/XAMPP/xamppfiles/htdocs/modules/Page/html_client).  
[06-Jun-2024 02:04:04 UTC] routing.INFO: Page /favicon.ico not found  
[06-Jun-2024 02:04:09 UTC] routing.INFO: Unable to find template "mod_page_favicon.ico" (looked into: /Applications/XAMPP/xamppfiles/htdocs/themes/tide/html_custom, /Applications/XAMPP/xamppfiles/htdocs/themes/tide/html, /Applications/XAMPP/xamppfiles/htdocs/modules/Page/html_client).  
[06-Jun-2024 02:04:09 UTC] routing.INFO: Page /favicon.ico not found  
[06-Jun-2024 02:10:29 UTC] routing.INFO: Unable to find template "mod_page_favicon.ico" (looked into: /Applications/XAMPP/xamppfiles/htdocs/themes/tide/html_custom, /Applications/XAMPP/xamppfiles/htdocs/themes/tide/html, /Applications/XAMPP/xamppfiles/htdocs/modules/Page/html_client).  
[06-Jun-2024 02:10:29 UTC] routing.INFO: Page /favicon.ico not found  
[06-Jun-2024 02:13:40 UTC] routing.INFO: Unable to find template "mod_page_favicon.ico" (looked into: /Applications/XAMPP/xamppfiles/htdocs/themes/tide/html_custom, /Applications/XAMPP/xamppfiles/htdocs/themes/tide/html, /Applications/XAMPP/xamppfiles/htdocs/modules/Page/html_client).  
[06-Jun-2024 02:13:40 UTC] routing.INFO: Page /favicon.ico not found  
[06-Jun-2024 02:13:42 UTC] routing.INFO: Unable to find template "mod_page_favicon.ico" (looked into: /Applications/XAMPP/xamppfiles/htdocs/themes/tide/html_custom, /Applications/XAMPP/xamppfiles/htdocs/themes/tide/html, /Applications/XAMPP/xamppfiles/htdocs/modules/Page/html_client).  
[06-Jun-2024 02:13:42 UTC] routing.INFO: Page /favicon.ico not found  
[06-Jun-2024 02:14:16 UTC] routing.INFO: Unable to find template "mod_page_favicon.ico" (looked into: /Applications/XAMPP/xamppfiles/htdocs/themes/tide/html_custom, /Applications/XAMPP/xamppfiles/htdocs/themes/tide/html, /Applications/XAMPP/xamppfiles/htdocs/modules/Page/html_client).  
[06-Jun-2024 02:14:16 UTC] routing.INFO: Page /favicon.ico not found  
[06-Jun-2024 02:14:17 UTC] routing.INFO: Unable to find template "mod_page_favicon.ico" (looked into: /Applications/XAMPP/xamppfiles/htdocs/themes/tide/html_custom, /Applications/XAMPP/xamppfiles/htdocs/themes/tide/html, /Applications/XAMPP/xamppfiles/htdocs/modules/Page/html_client).  
[06-Jun-2024 02:14:17 UTC] routing.INFO: Page /favicon.ico not found  
[06-Jun-2024 02:14:19 UTC] routing.INFO: Unable to find template "mod_page_favicon.ico" (looked into: /Applications/XAMPP/xamppfiles/htdocs/themes/tide/html_custom, /Applications/XAMPP/xamppfiles/htdocs/themes/tide/html, /Applications/XAMPP/xamppfiles/htdocs/modules/Page/html_client).  
[06-Jun-2024 02:14:19 UTC] routing.INFO: Page /favicon.ico not found  
[06-Jun-2024 02:14:20 UTC] routing.INFO: Unable to find template "mod_page_favicon.ico" (looked into: /Applications/XAMPP/xamppfiles/htdocs/themes/tide/html_custom, /Applications/XAMPP/xamppfiles/htdocs/themes/tide/html, /Applications/XAMPP/xamppfiles/htdocs/modules/Page/html_client).  
[06-Jun-2024 02:14:20 UTC] routing.INFO: Page /favicon.ico not found  
[06-Jun-2024 02:14:21 UTC] routing.INFO: Unable to find template "mod_page_favicon.ico" (looked into: /Applications/XAMPP/xamppfiles/htdocs/themes/tide/html_custom, /Applications/XAMPP/xamppfiles/htdocs/themes/tide/html, /Applications/XAMPP/xamppfiles/htdocs/modules/Page/html_client).  
[06-Jun-2024 02:14:21 UTC] routing.INFO: Page /favicon.ico not found  
[06-Jun-2024 02:14:44 UTC] routing.INFO: Unable to find template "mod_page_favicon.ico" (looked into: /Applications/XAMPP/xamppfiles/htdocs/themes/tide/html_custom, /Applications/XAMPP/xamppfiles/htdocs/themes/tide/html, /Applications/XAMPP/xamppfiles/htdocs/modules/Page/html_client).  
[06-Jun-2024 02:14:44 UTC] routing.INFO: Page /favicon.ico not found  
[06-Jun-2024 02:14:46 UTC] routing.INFO: Unable to find template "mod_page_favicon.ico" (looked into: /Applications/XAMPP/xamppfiles/htdocs/themes/tide/html_custom, /Applications/XAMPP/xamppfiles/htdocs/themes/tide/html, /Applications/XAMPP/xamppfiles/htdocs/modules/Page/html_client).  
[06-Jun-2024 02:14:46 UTC] routing.INFO: Page /favicon.ico not found  
[06-Jun-2024 02:15:04 UTC] routing.INFO: Unable to find template "mod_page_favicon.ico" (looked into: /Applications/XAMPP/xamppfiles/htdocs/themes/tide/html_custom, /Applications/XAMPP/xamppfiles/htdocs/themes/tide/html, /Applications/XAMPP/xamppfiles/htdocs/modules/Page/html_client).  
[06-Jun-2024 02:15:04 UTC] routing.INFO: Page /favicon.ico not found  
[06-Jun-2024 02:15:06 UTC] routing.INFO: Unable to find template "mod_page_favicon.ico" (looked into: /Applications/XAMPP/xamppfiles/htdocs/themes/tide/html_custom, /Applications/XAMPP/xamppfiles/htdocs/themes/tide/html, /Applications/XAMPP/xamppfiles/htdocs/modules/Page/html_client).  
[06-Jun-2024 02:15:06 UTC] routing.INFO: Page /favicon.ico not found  
[06-Jun-2024 02:15:44 UTC] routing.INFO: Unable to find template "mod_page_favicon.ico" (looked into: /Applications/XAMPP/xamppfiles/htdocs/themes/tide/html_custom, /Applications/XAMPP/xamppfiles/htdocs/themes/tide/html, /Applications/XAMPP/xamppfiles/htdocs/modules/Page/html_client).  
[06-Jun-2024 02:15:44 UTC] routing.INFO: Page /favicon.ico not found  
[06-Jun-2024 02:17:44 UTC] routing.INFO: Unable to find template "mod_page_favicon.ico" (looked into: /Applications/XAMPP/xamppfiles/htdocs/themes/tide/html_custom, /Applications/XAMPP/xamppfiles/htdocs/themes/tide/html, /Applications/XAMPP/xamppfiles/htdocs/modules/Page/html_client).  
[06-Jun-2024 02:17:44 UTC] routing.INFO: Page /favicon.ico not found  
[06-Jun-2024 02:17:54 UTC] routing.INFO: Unable to find template "mod_page_favicon.ico" (looked into: /Applications/XAMPP/xamppfiles/htdocs/themes/tide/html_custom, /Applications/XAMPP/xamppfiles/htdocs/themes/tide/html, /Applications/XAMPP/xamppfiles/htdocs/modules/Page/html_client).  
[06-Jun-2024 02:17:54 UTC] routing.INFO: Page /favicon.ico not found  
[06-Jun-2024 02:30:14 UTC] routing.INFO: Unable to find template "mod_page_favicon.ico" (looked into: /Applications/XAMPP/xamppfiles/htdocs/themes/tide/html_custom, /Applications/XAMPP/xamppfiles/htdocs/themes/tide/html, /Applications/XAMPP/xamppfiles/htdocs/modules/Page/html_client).  
[06-Jun-2024 02:30:14 UTC] routing.INFO: Page /favicon.ico not found  
[06-Jun-2024 02:32:07 UTC] routing.INFO: Unable to find template "mod_page_favicon.ico" (looked into: /Applications/XAMPP/xamppfiles/htdocs/themes/tide/html_custom, /Applications/XAMPP/xamppfiles/htdocs/themes/tide/html, /Applications/XAMPP/xamppfiles/htdocs/modules/Page/html_client).  
[06-Jun-2024 02:32:07 UTC] routing.INFO: Page /favicon.ico not found  
[06-Jun-2024 02:32:10 UTC] routing.INFO: Unable to find template "mod_page_favicon.ico" (looked into: /Applications/XAMPP/xamppfiles/htdocs/themes/tide/html_custom, /Applications/XAMPP/xamppfiles/htdocs/themes/tide/html, /Applications/XAMPP/xamppfiles/htdocs/modules/Page/html_client).  
[06-Jun-2024 02:32:10 UTC] routing.INFO: Page /favicon.ico not found  
[06-Jun-2024 02:32:11 UTC] routing.INFO: Unable to find template "mod_page_favicon.ico" (looked into: /Applications/XAMPP/xamppfiles/htdocs/themes/tide/html_custom, /Applications/XAMPP/xamppfiles/htdocs/themes/tide/html, /Applications/XAMPP/xamppfiles/htdocs/modules/Page/html_client).  
[06-Jun-2024 02:32:11 UTC] routing.INFO: Page /favicon.ico not found  
[06-Jun-2024 02:33:45 UTC] routing.INFO: Unable to find template "mod_page_favicon.ico" (looked into: /Applications/XAMPP/xamppfiles/htdocs/themes/tide/html_custom, /Applications/XAMPP/xamppfiles/htdocs/themes/tide/html, /Applications/XAMPP/xamppfiles/htdocs/modules/Page/html_client).  
[06-Jun-2024 02:33:45 UTC] routing.INFO: Page /favicon.ico not found  
[06-Jun-2024 02:34:00 UTC] routing.INFO: Unable to find template "mod_page_favicon.ico" (looked into: /Applications/XAMPP/xamppfiles/htdocs/themes/tide/html_custom, /Applications/XAMPP/xamppfiles/htdocs/themes/tide/html, /Applications/XAMPP/xamppfiles/htdocs/modules/Page/html_client).  
[06-Jun-2024 02:34:00 UTC] routing.INFO: Page /favicon.ico not found  
[06-Jun-2024 02:38:34 UTC] routing.INFO: Unable to find template "mod_page_favicon.ico" (looked into: /Applications/XAMPP/xamppfiles/htdocs/themes/tide/html_custom, /Applications/XAMPP/xamppfiles/htdocs/themes/tide/html, /Applications/XAMPP/xamppfiles/htdocs/modules/Page/html_client).  
[06-Jun-2024 02:38:34 UTC] routing.INFO: Page /favicon.ico not found  
[06-Jun-2024 02:38:45 UTC] routing.INFO: Unable to find template "mod_page_favicon.ico" (looked into: /Applications/XAMPP/xamppfiles/htdocs/themes/tide/html_custom, /Applications/XAMPP/xamppfiles/htdocs/themes/tide/html, /Applications/XAMPP/xamppfiles/htdocs/modules/Page/html_client).  
[06-Jun-2024 02:38:45 UTC] routing.INFO: Page /favicon.ico not found  
[06-Jun-2024 02:39:03 UTC] routing.INFO: Unable to find template "mod_page_favicon.ico" (looked into: /Applications/XAMPP/xamppfiles/htdocs/themes/tide/html_custom, /Applications/XAMPP/xamppfiles/htdocs/themes/tide/html, /Applications/XAMPP/xamppfiles/htdocs/modules/Page/html_client).  
[06-Jun-2024 02:39:03 UTC] routing.INFO: Page /favicon.ico not found  
[06-Jun-2024 02:39:29 UTC] routing.INFO: Unable to find template "mod_page_favicon.ico" (looked into: /Applications/XAMPP/xamppfiles/htdocs/themes/tide/html_custom, /Applications/XAMPP/xamppfiles/htdocs/themes/tide/html, /Applications/XAMPP/xamppfiles/htdocs/modules/Page/html_client).  
[06-Jun-2024 02:39:29 UTC] routing.INFO: Page /favicon.ico not found  
[06-Jun-2024 02:39:31 UTC] routing.INFO: Unable to find template "mod_page_favicon.ico" (looked into: /Applications/XAMPP/xamppfiles/htdocs/themes/tide/html_custom, /Applications/XAMPP/xamppfiles/htdocs/themes/tide/html, /Applications/XAMPP/xamppfiles/htdocs/modules/Page/html_client).  
[06-Jun-2024 02:39:31 UTC] routing.INFO: Page /favicon.ico not found  
[06-Jun-2024 02:39:43 UTC] routing.INFO: Unable to find template "mod_page_favicon.ico" (looked into: /Applications/XAMPP/xamppfiles/htdocs/themes/tide/html_custom, /Applications/XAMPP/xamppfiles/htdocs/themes/tide/html, /Applications/XAMPP/xamppfiles/htdocs/modules/Page/html_client).  
[06-Jun-2024 02:39:43 UTC] routing.INFO: Page /favicon.ico not found  
[06-Jun-2024 02:40:13 UTC] routing.INFO: Unable to find template "mod_page_favicon.ico" (looked into: /Applications/XAMPP/xamppfiles/htdocs/themes/tide/html_custom, /Applications/XAMPP/xamppfiles/htdocs/themes/tide/html, /Applications/XAMPP/xamppfiles/htdocs/modules/Page/html_client).  
[06-Jun-2024 02:40:13 UTC] routing.INFO: Page /favicon.ico not found  
[06-Jun-2024 02:40:27 UTC] routing.INFO: Unable to find template "mod_page_favicon.ico" (looked into: /Applications/XAMPP/xamppfiles/htdocs/themes/tide/html_custom, /Applications/XAMPP/xamppfiles/htdocs/themes/tide/html, /Applications/XAMPP/xamppfiles/htdocs/modules/Page/html_client).  
[06-Jun-2024 02:40:27 UTC] routing.INFO: Page /favicon.ico not found  
[06-Jun-2024 02:40:41 UTC] routing.INFO: Unable to find template "mod_page_favicon.ico" (looked into: /Applications/XAMPP/xamppfiles/htdocs/themes/tide/html_custom, /Applications/XAMPP/xamppfiles/htdocs/themes/tide/html, /Applications/XAMPP/xamppfiles/htdocs/modules/Page/html_client).  
[06-Jun-2024 02:40:41 UTC] routing.INFO: Page /favicon.ico not found  
[06-Jun-2024 02:42:46 UTC] routing.INFO: Unable to find template "mod_page_favicon.ico" (looked into: /Applications/XAMPP/xamppfiles/htdocs/themes/tide/html_custom, /Applications/XAMPP/xamppfiles/htdocs/themes/tide/html, /Applications/XAMPP/xamppfiles/htdocs/modules/Page/html_client).  
[06-Jun-2024 02:42:46 UTC] routing.INFO: Page /favicon.ico not found  
[06-Jun-2024 02:42:50 UTC] routing.INFO: Unable to find template "mod_page_favicon.ico" (looked into: /Applications/XAMPP/xamppfiles/htdocs/themes/tide/html_custom, /Applications/XAMPP/xamppfiles/htdocs/themes/tide/html, /Applications/XAMPP/xamppfiles/htdocs/modules/Page/html_client).  
[06-Jun-2024 02:42:50 UTC] routing.INFO: Page /favicon.ico not found  
[06-Jun-2024 02:43:33 UTC] routing.INFO: Unable to find template "mod_page_favicon.ico" (looked into: /Applications/XAMPP/xamppfiles/htdocs/themes/tide/html_custom, /Applications/XAMPP/xamppfiles/htdocs/themes/tide/html, /Applications/XAMPP/xamppfiles/htdocs/modules/Page/html_client).  
[06-Jun-2024 02:43:33 UTC] routing.INFO: Page /favicon.ico not found  
[06-Jun-2024 02:44:02 UTC] routing.INFO: Unable to find template "mod_page_favicon.ico" (looked into: /Applications/XAMPP/xamppfiles/htdocs/themes/tide/html_custom, /Applications/XAMPP/xamppfiles/htdocs/themes/tide/html, /Applications/XAMPP/xamppfiles/htdocs/modules/Page/html_client).  
[06-Jun-2024 02:44:02 UTC] routing.INFO: Page /favicon.ico not found  
[06-Jun-2024 02:44:51 UTC] routing.INFO: Unable to find template "mod_page_favicon.ico" (looked into: /Applications/XAMPP/xamppfiles/htdocs/themes/tide/html_custom, /Applications/XAMPP/xamppfiles/htdocs/themes/tide/html, /Applications/XAMPP/xamppfiles/htdocs/modules/Page/html_client).  
[06-Jun-2024 02:44:51 UTC] routing.INFO: Page /favicon.ico not found  
[06-Jun-2024 02:44:57 UTC] routing.INFO: Unable to find template "mod_page_favicon.ico" (looked into: /Applications/XAMPP/xamppfiles/htdocs/themes/tide/html_custom, /Applications/XAMPP/xamppfiles/htdocs/themes/tide/html, /Applications/XAMPP/xamppfiles/htdocs/modules/Page/html_client).  
[06-Jun-2024 02:44:57 UTC] routing.INFO: Page /favicon.ico not found  
[06-Jun-2024 02:45:29 UTC] routing.INFO: Unable to find template "mod_page_favicon.ico" (looked into: /Applications/XAMPP/xamppfiles/htdocs/themes/tide/html_custom, /Applications/XAMPP/xamppfiles/htdocs/themes/tide/html, /Applications/XAMPP/xamppfiles/htdocs/modules/Page/html_client).  
[06-Jun-2024 02:45:29 UTC] routing.INFO: Page /favicon.ico not found  
[06-Jun-2024 02:45:48 UTC] routing.INFO: Unable to find template "mod_page_favicon.ico" (looked into: /Applications/XAMPP/xamppfiles/htdocs/themes/tide/html_custom, /Applications/XAMPP/xamppfiles/htdocs/themes/tide/html, /Applications/XAMPP/xamppfiles/htdocs/modules/Page/html_client).  
[06-Jun-2024 02:45:48 UTC] routing.INFO: Page /favicon.ico not found  
[06-Jun-2024 02:45:51 UTC] routing.INFO: Unable to find template "mod_page_favicon.ico" (looked into: /Applications/XAMPP/xamppfiles/htdocs/themes/tide/html_custom, /Applications/XAMPP/xamppfiles/htdocs/themes/tide/html, /Applications/XAMPP/xamppfiles/htdocs/modules/Page/html_client).  
[06-Jun-2024 02:45:51 UTC] routing.INFO: Page /favicon.ico not found  
[06-Jun-2024 02:46:22 UTC] routing.INFO: Unable to find template "mod_page_favicon.ico" (looked into: /Applications/XAMPP/xamppfiles/htdocs/themes/tide/html_custom, /Applications/XAMPP/xamppfiles/htdocs/themes/tide/html, /Applications/XAMPP/xamppfiles/htdocs/modules/Page/html_client).  
[06-Jun-2024 02:46:22 UTC] routing.INFO: Page /favicon.ico not found  
[06-Jun-2024 02:46:58 UTC] routing.INFO: Unable to find template "mod_page_favicon.ico" (looked into: /Applications/XAMPP/xamppfiles/htdocs/themes/tide/html_custom, /Applications/XAMPP/xamppfiles/htdocs/themes/tide/html, /Applications/XAMPP/xamppfiles/htdocs/modules/Page/html_client).  
[06-Jun-2024 02:46:58 UTC] routing.INFO: Page /favicon.ico not found  
[06-Jun-2024 02:47:04 UTC] routing.INFO: Unable to find template "mod_page_favicon.ico" (looked into: /Applications/XAMPP/xamppfiles/htdocs/themes/tide/html_custom, /Applications/XAMPP/xamppfiles/htdocs/themes/tide/html, /Applications/XAMPP/xamppfiles/htdocs/modules/Page/html_client).  
[06-Jun-2024 02:47:04 UTC] routing.INFO: Page /favicon.ico not found  
[06-Jun-2024 02:47:48 UTC] routing.INFO: Unable to find template "mod_page_favicon.ico" (looked into: /Applications/XAMPP/xamppfiles/htdocs/themes/tide/html_custom, /Applications/XAMPP/xamppfiles/htdocs/themes/tide/html, /Applications/XAMPP/xamppfiles/htdocs/modules/Page/html_client).  
[06-Jun-2024 02:47:48 UTC] routing.INFO: Page /favicon.ico not found  
[06-Jun-2024 02:47:49 UTC] routing.INFO: Unable to find template "mod_page_favicon.ico" (looked into: /Applications/XAMPP/xamppfiles/htdocs/themes/tide/html_custom, /Applications/XAMPP/xamppfiles/htdocs/themes/tide/html, /Applications/XAMPP/xamppfiles/htdocs/modules/Page/html_client).  
[06-Jun-2024 02:47:49 UTC] routing.INFO: Page /favicon.ico not found  
[06-Jun-2024 02:48:08 UTC] routing.INFO: Unable to find template "mod_page_favicon.ico" (looked into: /Applications/XAMPP/xamppfiles/htdocs/themes/tide/html_custom, /Applications/XAMPP/xamppfiles/htdocs/themes/tide/html, /Applications/XAMPP/xamppfiles/htdocs/modules/Page/html_client).  
[06-Jun-2024 02:48:08 UTC] routing.INFO: Page /favicon.ico not found  
[06-Jun-2024 02:48:26 UTC] routing.INFO: Unable to find template "mod_page_favicon.ico" (looked into: /Applications/XAMPP/xamppfiles/htdocs/themes/tide/html_custom, /Applications/XAMPP/xamppfiles/htdocs/themes/tide/html, /Applications/XAMPP/xamppfiles/htdocs/modules/Page/html_client).  
[06-Jun-2024 02:48:26 UTC] routing.INFO: Page /favicon.ico not found  
[06-Jun-2024 02:49:17 UTC] routing.INFO: Unable to find template "mod_page_favicon.ico" (looked into: /Applications/XAMPP/xamppfiles/htdocs/themes/tide/html_custom, /Applications/XAMPP/xamppfiles/htdocs/themes/tide/html, /Applications/XAMPP/xamppfiles/htdocs/modules/Page/html_client).  
[06-Jun-2024 02:49:17 UTC] routing.INFO: Page /favicon.ico not found  
[06-Jun-2024 02:49:31 UTC] routing.INFO: Unable to find template "mod_page_favicon.ico" (looked into: /Applications/XAMPP/xamppfiles/htdocs/themes/tide/html_custom, /Applications/XAMPP/xamppfiles/htdocs/themes/tide/html, /Applications/XAMPP/xamppfiles/htdocs/modules/Page/html_client).  
[06-Jun-2024 02:49:31 UTC] routing.INFO: Page /favicon.ico not found  
[06-Jun-2024 02:49:44 UTC] routing.INFO: Unable to find template "mod_page_favicon.ico" (looked into: /Applications/XAMPP/xamppfiles/htdocs/themes/tide/html_custom, /Applications/XAMPP/xamppfiles/htdocs/themes/tide/html, /Applications/XAMPP/xamppfiles/htdocs/modules/Page/html_client).  
[06-Jun-2024 02:49:44 UTC] routing.INFO: Page /favicon.ico not found  
[06-Jun-2024 02:49:49 UTC] routing.INFO: Unable to find template "mod_page_favicon.ico" (looked into: /Applications/XAMPP/xamppfiles/htdocs/themes/tide/html_custom, /Applications/XAMPP/xamppfiles/htdocs/themes/tide/html, /Applications/XAMPP/xamppfiles/htdocs/modules/Page/html_client).  
[06-Jun-2024 02:49:49 UTC] routing.INFO: Page /favicon.ico not found  
[06-Jun-2024 02:49:55 UTC] routing.INFO: Unable to find template "mod_page_favicon.ico" (looked into: /Applications/XAMPP/xamppfiles/htdocs/themes/tide/html_custom, /Applications/XAMPP/xamppfiles/htdocs/themes/tide/html, /Applications/XAMPP/xamppfiles/htdocs/modules/Page/html_client).  
[06-Jun-2024 02:49:55 UTC] routing.INFO: Page /favicon.ico not found  
[06-Jun-2024 02:50:20 UTC] routing.INFO: Unable to find template "mod_page_favicon.ico" (looked into: /Applications/XAMPP/xamppfiles/htdocs/themes/tide/html_custom, /Applications/XAMPP/xamppfiles/htdocs/themes/tide/html, /Applications/XAMPP/xamppfiles/htdocs/modules/Page/html_client).  
[06-Jun-2024 02:50:20 UTC] routing.INFO: Page /favicon.ico not found  
[06-Jun-2024 02:50:23 UTC] routing.INFO: Unable to find template "mod_page_favicon.ico" (looked into: /Applications/XAMPP/xamppfiles/htdocs/themes/tide/html_custom, /Applications/XAMPP/xamppfiles/htdocs/themes/tide/html, /Applications/XAMPP/xamppfiles/htdocs/modules/Page/html_client).  
[06-Jun-2024 02:50:23 UTC] routing.INFO: Page /favicon.ico not found  
[06-Jun-2024 02:50:48 UTC] routing.INFO: Unable to find template "mod_page_favicon.ico" (looked into: /Applications/XAMPP/xamppfiles/htdocs/themes/tide/html_custom, /Applications/XAMPP/xamppfiles/htdocs/themes/tide/html, /Applications/XAMPP/xamppfiles/htdocs/modules/Page/html_client).  
[06-Jun-2024 02:50:48 UTC] routing.INFO: Page /favicon.ico not found  
[06-Jun-2024 02:51:19 UTC] routing.INFO: Unable to find template "mod_page_favicon.ico" (looked into: /Applications/XAMPP/xamppfiles/htdocs/themes/tide/html_custom, /Applications/XAMPP/xamppfiles/htdocs/themes/tide/html, /Applications/XAMPP/xamppfiles/htdocs/modules/Page/html_client).  
[06-Jun-2024 02:51:19 UTC] routing.INFO: Page /favicon.ico not found  
[06-Jun-2024 02:51:46 UTC] routing.INFO: Unable to find template "mod_page_favicon.ico" (looked into: /Applications/XAMPP/xamppfiles/htdocs/themes/tide/html_custom, /Applications/XAMPP/xamppfiles/htdocs/themes/tide/html, /Applications/XAMPP/xamppfiles/htdocs/modules/Page/html_client).  
[06-Jun-2024 02:51:46 UTC] routing.INFO: Page /favicon.ico not found  
[06-Jun-2024 02:52:06 UTC] routing.INFO: Unable to find template "mod_page_favicon.ico" (looked into: /Applications/XAMPP/xamppfiles/htdocs/themes/tide/html_custom, /Applications/XAMPP/xamppfiles/htdocs/themes/tide/html, /Applications/XAMPP/xamppfiles/htdocs/modules/Page/html_client).  
[06-Jun-2024 02:52:06 UTC] routing.INFO: Page /favicon.ico not found  
[06-Jun-2024 02:52:10 UTC] routing.INFO: Unable to find template "mod_page_favicon.ico" (looked into: /Applications/XAMPP/xamppfiles/htdocs/themes/tide/html_custom, /Applications/XAMPP/xamppfiles/htdocs/themes/tide/html, /Applications/XAMPP/xamppfiles/htdocs/modules/Page/html_client).  
[06-Jun-2024 02:52:10 UTC] routing.INFO: Page /favicon.ico not found  
[06-Jun-2024 02:52:22 UTC] routing.INFO: Unable to find template "mod_page_favicon.ico" (looked into: /Applications/XAMPP/xamppfiles/htdocs/themes/tide/html_custom, /Applications/XAMPP/xamppfiles/htdocs/themes/tide/html, /Applications/XAMPP/xamppfiles/htdocs/modules/Page/html_client).  
[06-Jun-2024 02:52:22 UTC] routing.INFO: Page /favicon.ico not found  
[06-Jun-2024 02:53:06 UTC] routing.INFO: Unable to find template "mod_page_favicon.ico" (looked into: /Applications/XAMPP/xamppfiles/htdocs/themes/tide/html_custom, /Applications/XAMPP/xamppfiles/htdocs/themes/tide/html, /Applications/XAMPP/xamppfiles/htdocs/modules/Page/html_client).  
[06-Jun-2024 02:53:06 UTC] routing.INFO: Page /favicon.ico not found  
[06-Jun-2024 02:53:27 UTC] routing.INFO: Unable to find template "mod_page_favicon.ico" (looked into: /Applications/XAMPP/xamppfiles/htdocs/themes/tide/html_custom, /Applications/XAMPP/xamppfiles/htdocs/themes/tide/html, /Applications/XAMPP/xamppfiles/htdocs/modules/Page/html_client).  
[06-Jun-2024 02:53:27 UTC] routing.INFO: Page /favicon.ico not found  
[06-Jun-2024 02:54:47 UTC] routing.INFO: Unable to find template "mod_page_favicon.ico" (looked into: /Applications/XAMPP/xamppfiles/htdocs/themes/tide/html_custom, /Applications/XAMPP/xamppfiles/htdocs/themes/tide/html, /Applications/XAMPP/xamppfiles/htdocs/modules/Page/html_client).  
[06-Jun-2024 02:54:47 UTC] routing.INFO: Page /favicon.ico not found  
[06-Jun-2024 02:55:27 UTC] routing.INFO: Unable to find template "mod_page_favicon.ico" (looked into: /Applications/XAMPP/xamppfiles/htdocs/themes/tide/html_custom, /Applications/XAMPP/xamppfiles/htdocs/themes/tide/html, /Applications/XAMPP/xamppfiles/htdocs/modules/Page/html_client).  
[06-Jun-2024 02:55:27 UTC] routing.INFO: Page /favicon.ico not found  
[06-Jun-2024 02:55:48 UTC] routing.INFO: Unable to find template "mod_page_favicon.ico" (looked into: /Applications/XAMPP/xamppfiles/htdocs/themes/tide/html_custom, /Applications/XAMPP/xamppfiles/htdocs/themes/tide/html, /Applications/XAMPP/xamppfiles/htdocs/modules/Page/html_client).  
[06-Jun-2024 02:55:48 UTC] routing.INFO: Page /favicon.ico not found  
[06-Jun-2024 03:03:37 UTC] routing.INFO: Unable to find template "mod_page_favicon.ico" (looked into: /Applications/XAMPP/xamppfiles/htdocs/themes/tide/html_custom, /Applications/XAMPP/xamppfiles/htdocs/themes/tide/html, /Applications/XAMPP/xamppfiles/htdocs/modules/Page/html_client).  
[06-Jun-2024 03:03:37 UTC] routing.INFO: Page /favicon.ico not found  
[06-Jun-2024 03:03:59 UTC] routing.INFO: Unable to find template "mod_page_favicon.ico" (looked into: /Applications/XAMPP/xamppfiles/htdocs/themes/tide/html_custom, /Applications/XAMPP/xamppfiles/htdocs/themes/tide/html, /Applications/XAMPP/xamppfiles/htdocs/modules/Page/html_client).  
[06-Jun-2024 03:03:59 UTC] routing.INFO: Page /favicon.ico not found  
[06-Jun-2024 03:04:29 UTC] routing.INFO: Unable to find template "mod_page_favicon.ico" (looked into: /Applications/XAMPP/xamppfiles/htdocs/themes/tide/html_custom, /Applications/XAMPP/xamppfiles/htdocs/themes/tide/html, /Applications/XAMPP/xamppfiles/htdocs/modules/Page/html_client).  
[06-Jun-2024 03:04:29 UTC] routing.INFO: Page /favicon.ico not found  
[06-Jun-2024 03:05:08 UTC] routing.INFO: Unable to find template "mod_page_favicon.ico" (looked into: /Applications/XAMPP/xamppfiles/htdocs/themes/tide/html_custom, /Applications/XAMPP/xamppfiles/htdocs/themes/tide/html, /Applications/XAMPP/xamppfiles/htdocs/modules/Page/html_client).  
[06-Jun-2024 03:05:08 UTC] routing.INFO: Page /favicon.ico not found  
[06-Jun-2024 03:25:45 UTC] routing.INFO: Unable to find template "mod_page_favicon.ico" (looked into: /Applications/XAMPP/xamppfiles/htdocs/themes/tide/html_custom, /Applications/XAMPP/xamppfiles/htdocs/themes/tide/html, /Applications/XAMPP/xamppfiles/htdocs/modules/Page/html_client).  
[06-Jun-2024 03:25:45 UTC] routing.INFO: Page /favicon.ico not found  
[06-Jun-2024 04:38:48 UTC] routing.INFO: Unable to find template "mod_page_favicon.ico" (looked into: /Applications/XAMPP/xamppfiles/htdocs/themes/tide/html_custom, /Applications/XAMPP/xamppfiles/htdocs/themes/tide/html, /Applications/XAMPP/xamppfiles/htdocs/modules/Page/html_client).  
[06-Jun-2024 04:38:48 UTC] routing.INFO: Page /favicon.ico not found  
[06-Jun-2024 04:41:50 UTC] routing.INFO: Unable to find template "mod_page_favicon.ico" (looked into: /Applications/XAMPP/xamppfiles/htdocs/themes/tide/html_custom, /Applications/XAMPP/xamppfiles/htdocs/themes/tide/html, /Applications/XAMPP/xamppfiles/htdocs/modules/Page/html_client).  
[06-Jun-2024 04:41:50 UTC] routing.INFO: Page /favicon.ico not found  
[06-Jun-2024 04:59:15 UTC] routing.INFO: Unable to find template "mod_page_favicon.ico" (looked into: /Applications/XAMPP/xamppfiles/htdocs/themes/tide/html_custom, /Applications/XAMPP/xamppfiles/htdocs/themes/tide/html, /Applications/XAMPP/xamppfiles/htdocs/modules/Page/html_client).  
[06-Jun-2024 04:59:15 UTC] routing.INFO: Page /favicon.ico not found  
[06-Jun-2024 04:59:18 UTC] routing.INFO: Unable to find template "mod_page_favicon.ico" (looked into: /Applications/XAMPP/xamppfiles/htdocs/themes/tide/html_custom, /Applications/XAMPP/xamppfiles/htdocs/themes/tide/html, /Applications/XAMPP/xamppfiles/htdocs/modules/Page/html_client).  
[06-Jun-2024 04:59:18 UTC] routing.INFO: Page /favicon.ico not found  
[06-Jun-2024 04:59:39 UTC] routing.INFO: Unable to find template "mod_page_favicon.ico" (looked into: /Applications/XAMPP/xamppfiles/htdocs/themes/tide/html_custom, /Applications/XAMPP/xamppfiles/htdocs/themes/tide/html, /Applications/XAMPP/xamppfiles/htdocs/modules/Page/html_client).  
[06-Jun-2024 04:59:39 UTC] routing.INFO: Page /favicon.ico not found  
[06-Jun-2024 05:08:24 UTC] routing.INFO: Unable to find template "mod_page_themes_tide_assets_img_logo.svg.png" (looked into: /Applications/XAMPP/xamppfiles/htdocs/themes/tide/html_custom, /Applications/XAMPP/xamppfiles/htdocs/themes/tide/html, /Applications/XAMPP/xamppfiles/htdocs/modules/Page/html_client).  
[06-Jun-2024 05:08:24 UTC] routing.INFO: Page /themes/tide/assets/img/logo.svg.png not found  
[06-Jun-2024 05:08:33 UTC] routing.INFO: Unable to find template "mod_page_themes_tide_assets_img_logo.svg.png" (looked into: /Applications/XAMPP/xamppfiles/htdocs/themes/tide/html_custom, /Applications/XAMPP/xamppfiles/htdocs/themes/tide/html, /Applications/XAMPP/xamppfiles/htdocs/modules/Page/html_client).  
[06-Jun-2024 05:08:33 UTC] routing.INFO: Page /themes/tide/assets/img/logo.svg.png not found  
[06-Jun-2024 05:08:45 UTC] routing.INFO: Unable to find template "mod_page_themes_tide_assets_img_logo.svg.png" (looked into: /Applications/XAMPP/xamppfiles/htdocs/themes/tide/html_custom, /Applications/XAMPP/xamppfiles/htdocs/themes/tide/html, /Applications/XAMPP/xamppfiles/htdocs/modules/Page/html_client).  
[06-Jun-2024 05:08:45 UTC] routing.INFO: Page /themes/tide/assets/img/logo.svg.png not found  
[06-Jun-2024 05:09:13 UTC] routing.INFO: Unable to find template "mod_page_favicon.ico" (looked into: /Applications/XAMPP/xamppfiles/htdocs/themes/tide/html_custom, /Applications/XAMPP/xamppfiles/htdocs/themes/tide/html, /Applications/XAMPP/xamppfiles/htdocs/modules/Page/html_client).  
[06-Jun-2024 05:09:13 UTC] routing.INFO: Page /favicon.ico not found  
[06-Jun-2024 18:55:14 UTC] routing.INFO: Unable to find template "mod_page_favicon.ico" (looked into: /Applications/XAMPP/xamppfiles/htdocs/themes/tide/html_custom, /Applications/XAMPP/xamppfiles/htdocs/themes/tide/html, /Applications/XAMPP/xamppfiles/htdocs/modules/Page/html_client).  
[06-Jun-2024 18:55:14 UTC] routing.INFO: Page /favicon.ico not found  
[06-Jun-2024 19:13:44 UTC] routing.INFO: Unable to find template "mod_page_favicon.ico" (looked into: /Applications/XAMPP/xamppfiles/htdocs/themes/tide/html_custom, /Applications/XAMPP/xamppfiles/htdocs/themes/tide/html, /Applications/XAMPP/xamppfiles/htdocs/modules/Page/html_client).  
[06-Jun-2024 19:13:44 UTC] routing.INFO: Page /favicon.ico not found  
[06-Jun-2024 19:13:45 UTC] routing.INFO: Unable to find template "mod_page_favicon.ico" (looked into: /Applications/XAMPP/xamppfiles/htdocs/themes/tide/html_custom, /Applications/XAMPP/xamppfiles/htdocs/themes/tide/html, /Applications/XAMPP/xamppfiles/htdocs/modules/Page/html_client).  
[06-Jun-2024 19:13:45 UTC] routing.INFO: Page /favicon.ico not found  
[06-Jun-2024 19:20:08 UTC] routing.INFO: Unable to find template "mod_page_favicon.ico" (looked into: /Applications/XAMPP/xamppfiles/htdocs/themes/tide/html_custom, /Applications/XAMPP/xamppfiles/htdocs/themes/tide/html, /Applications/XAMPP/xamppfiles/htdocs/modules/Page/html_client).  
[06-Jun-2024 19:20:08 UTC] routing.INFO: Page /favicon.ico not found  
[06-Jun-2024 19:43:00 UTC] routing.INFO: Unable to find template "mod_page_favicon.ico" (looked into: /Applications/XAMPP/xamppfiles/htdocs/themes/tide/html_custom, /Applications/XAMPP/xamppfiles/htdocs/themes/tide/html, /Applications/XAMPP/xamppfiles/htdocs/modules/Page/html_client).  
[06-Jun-2024 19:43:00 UTC] routing.INFO: Page /favicon.ico not found  
